{"/Users/parkerjn90/HackReactor/Sprints/FEC_Lighthouse/src/components/StarRating.jsx": {"path":"/Users/parkerjn90/HackReactor/Sprints/FEC_Lighthouse/src/components/StarRating.jsx","statementMap":{"0":{"start":{"line":5,"column":16},"end":{"line":8,"column":1}},"1":{"start":{"line":9,"column":15},"end":{"line":18,"column":1}},"2":{"start":{"line":16,"column":4},"end":{"line":16,"column":19}},"3":{"start":{"line":20,"column":19},"end":{"line":61,"column":1}},"4":{"start":{"line":23,"column":31},"end":{"line":33,"column":3}},"5":{"start":{"line":24,"column":19},"end":{"line":24,"column":20}},"6":{"start":{"line":25,"column":21},"end":{"line":25,"column":22}},"7":{"start":{"line":27,"column":4},"end":{"line":30,"column":5}},"8":{"start":{"line":28,"column":6},"end":{"line":28,"column":48}},"9":{"start":{"line":29,"column":6},"end":{"line":29,"column":51}},"10":{"start":{"line":32,"column":4},"end":{"line":32,"column":69}},"11":{"start":{"line":35,"column":26},"end":{"line":39,"column":3}},"12":{"start":{"line":36,"column":20},"end":{"line":36,"column":57}},"13":{"start":{"line":37,"column":21},"end":{"line":37,"column":54}},"14":{"start":{"line":38,"column":4},"end":{"line":38,"column":42}},"15":{"start":{"line":41,"column":19},"end":{"line":47,"column":3}},"16":{"start":{"line":42,"column":21},"end":{"line":42,"column":23}},"17":{"start":{"line":43,"column":4},"end":{"line":45,"column":5}},"18":{"start":{"line":43,"column":17},"end":{"line":43,"column":18}},"19":{"start":{"line":44,"column":6},"end":{"line":44,"column":62}},"20":{"start":{"line":46,"column":4},"end":{"line":46,"column":22}},"21":{"start":{"line":49,"column":2},"end":{"line":59,"column":3}}},"fnMap":{"0":{"name":"(anonymous_0)","decl":{"start":{"line":15,"column":11},"end":{"line":15,"column":12}},"loc":{"start":{"line":15,"column":26},"end":{"line":17,"column":3}},"line":15},"1":{"name":"(anonymous_1)","decl":{"start":{"line":20,"column":19},"end":{"line":20,"column":20}},"loc":{"start":{"line":20,"column":36},"end":{"line":61,"column":1}},"line":20},"2":{"name":"(anonymous_2)","decl":{"start":{"line":23,"column":31},"end":{"line":23,"column":32}},"loc":{"start":{"line":23,"column":50},"end":{"line":33,"column":3}},"line":23},"3":{"name":"(anonymous_3)","decl":{"start":{"line":35,"column":26},"end":{"line":35,"column":27}},"loc":{"start":{"line":35,"column":45},"end":{"line":39,"column":3}},"line":35},"4":{"name":"(anonymous_4)","decl":{"start":{"line":41,"column":19},"end":{"line":41,"column":20}},"loc":{"start":{"line":41,"column":33},"end":{"line":47,"column":3}},"line":41}},"branchMap":{"0":{"loc":{"start":{"line":32,"column":11},"end":{"line":32,"column":68}},"type":"cond-expr","locations":[{"start":{"line":32,"column":30},"end":{"line":32,"column":31}},{"start":{"line":32,"column":34},"end":{"line":32,"column":68}}],"line":32}},"s":{"0":2,"1":2,"2":5,"3":2,"4":5,"5":5,"6":5,"7":5,"8":10,"9":10,"10":5,"11":5,"12":5,"13":5,"14":5,"15":5,"16":10,"17":10,"18":10,"19":50,"20":10,"21":5},"f":{"0":5,"1":5,"2":5,"3":5,"4":10},"b":{"0":[3,2]},"_coverageSchema":"1a1c01bbd47fc00a2c39e90264f33305004495a9","hash":"fbfc24662e5cf20fb50b22c065e3e37cfbfa46de"}
,"/Users/parkerjn90/HackReactor/Sprints/FEC_Lighthouse/src/components/Overview/AddToCart.jsx": {"path":"/Users/parkerjn90/HackReactor/Sprints/FEC_Lighthouse/src/components/Overview/AddToCart.jsx","statementMap":{"0":{"start":{"line":5,"column":18},"end":{"line":78,"column":1}},"1":{"start":{"line":6,"column":42},"end":{"line":6,"column":61}},"2":{"start":{"line":7,"column":50},"end":{"line":7,"column":63}},"3":{"start":{"line":8,"column":40},"end":{"line":8,"column":55}},"4":{"start":{"line":9,"column":21},"end":{"line":9,"column":33}},"5":{"start":{"line":11,"column":2},"end":{"line":11,"column":63}},"6":{"start":{"line":11,"column":19},"end":{"line":11,"column":45}},"7":{"start":{"line":12,"column":2},"end":{"line":12,"column":61}},"8":{"start":{"line":12,"column":19},"end":{"line":12,"column":43}},"9":{"start":{"line":14,"column":22},"end":{"line":14,"column":23}},"10":{"start":{"line":15,"column":2},"end":{"line":17,"column":3}},"11":{"start":{"line":16,"column":4},"end":{"line":16,"column":61}},"12":{"start":{"line":19,"column":26},"end":{"line":27,"column":3}},"13":{"start":{"line":20,"column":4},"end":{"line":26,"column":5}},"14":{"start":{"line":21,"column":6},"end":{"line":21,"column":30}},"15":{"start":{"line":22,"column":6},"end":{"line":22,"column":35}},"16":{"start":{"line":24,"column":6},"end":{"line":24,"column":78}},"17":{"start":{"line":25,"column":6},"end":{"line":25,"column":75}},"18":{"start":{"line":29,"column":2},"end":{"line":77,"column":3}},"19":{"start":{"line":40,"column":24},"end":{"line":40,"column":55}},"20":{"start":{"line":48,"column":10},"end":{"line":50,"column":11}},"21":{"start":{"line":49,"column":12},"end":{"line":49,"column":87}},"22":{"start":{"line":58,"column":24},"end":{"line":58,"column":59}},"23":{"start":{"line":62,"column":14},"end":{"line":62,"column":66}},"24":{"start":{"line":75,"column":30},"end":{"line":75,"column":66}},"25":{"start":{"line":75,"column":53},"end":{"line":75,"column":64}}},"fnMap":{"0":{"name":"(anonymous_0)","decl":{"start":{"line":5,"column":18},"end":{"line":5,"column":19}},"loc":{"start":{"line":5,"column":73},"end":{"line":78,"column":1}},"line":5},"1":{"name":"(anonymous_1)","decl":{"start":{"line":11,"column":12},"end":{"line":11,"column":13}},"loc":{"start":{"line":11,"column":18},"end":{"line":11,"column":46}},"line":11},"2":{"name":"(anonymous_2)","decl":{"start":{"line":12,"column":12},"end":{"line":12,"column":13}},"loc":{"start":{"line":12,"column":18},"end":{"line":12,"column":44}},"line":12},"3":{"name":"(anonymous_3)","decl":{"start":{"line":19,"column":26},"end":{"line":19,"column":27}},"loc":{"start":{"line":19,"column":32},"end":{"line":27,"column":3}},"line":19},"4":{"name":"(anonymous_4)","decl":{"start":{"line":34,"column":17},"end":{"line":34,"column":18}},"loc":{"start":{"line":34,"column":23},"end":{"line":34,"column":25}},"line":34},"5":{"name":"(anonymous_5)","decl":{"start":{"line":40,"column":18},"end":{"line":40,"column":19}},"loc":{"start":{"line":40,"column":23},"end":{"line":40,"column":56}},"line":40},"6":{"name":"(anonymous_6)","decl":{"start":{"line":47,"column":45},"end":{"line":47,"column":46}},"loc":{"start":{"line":47,"column":52},"end":{"line":51,"column":9}},"line":47},"7":{"name":"(anonymous_7)","decl":{"start":{"line":58,"column":18},"end":{"line":58,"column":19}},"loc":{"start":{"line":58,"column":23},"end":{"line":58,"column":60}},"line":58},"8":{"name":"(anonymous_8)","decl":{"start":{"line":61,"column":113},"end":{"line":61,"column":114}},"loc":{"start":{"line":61,"column":120},"end":{"line":63,"column":13}},"line":61},"9":{"name":"(anonymous_9)","decl":{"start":{"line":75,"column":23},"end":{"line":75,"column":24}},"loc":{"start":{"line":75,"column":29},"end":{"line":75,"column":67}},"line":75},"10":{"name":"(anonymous_10)","decl":{"start":{"line":75,"column":45},"end":{"line":75,"column":46}},"loc":{"start":{"line":75,"column":52},"end":{"line":75,"column":65}},"line":75}},"branchMap":{"0":{"loc":{"start":{"line":20,"column":4},"end":{"line":26,"column":5}},"type":"if","locations":[{"start":{"line":20,"column":4},"end":{"line":26,"column":5}},{"start":{"line":23,"column":11},"end":{"line":26,"column":5}}],"line":20},"1":{"loc":{"start":{"line":20,"column":8},"end":{"line":20,"column":61}},"type":"binary-expr","locations":[{"start":{"line":20,"column":8},"end":{"line":20,"column":34}},{"start":{"line":20,"column":38},"end":{"line":20,"column":61}}],"line":20},"2":{"loc":{"start":{"line":31,"column":26},"end":{"line":31,"column":65}},"type":"cond-expr","locations":[{"start":{"line":31,"column":54},"end":{"line":31,"column":60}},{"start":{"line":31,"column":63},"end":{"line":31,"column":65}}],"line":31},"3":{"loc":{"start":{"line":41,"column":18},"end":{"line":41,"column":85}},"type":"binary-expr","locations":[{"start":{"line":41,"column":18},"end":{"line":41,"column":62}},{"start":{"line":41,"column":66},"end":{"line":41,"column":85}}],"line":41},"4":{"loc":{"start":{"line":43,"column":9},"end":{"line":45,"column":58}},"type":"cond-expr","locations":[{"start":{"line":44,"column":12},"end":{"line":44,"column":57}},{"start":{"line":45,"column":12},"end":{"line":45,"column":58}}],"line":43},"5":{"loc":{"start":{"line":43,"column":10},"end":{"line":43,"column":77}},"type":"binary-expr","locations":[{"start":{"line":43,"column":10},"end":{"line":43,"column":54}},{"start":{"line":43,"column":58},"end":{"line":43,"column":77}}],"line":43},"6":{"loc":{"start":{"line":48,"column":10},"end":{"line":50,"column":11}},"type":"if","locations":[{"start":{"line":48,"column":10},"end":{"line":50,"column":11}},{"start":{},"end":{}}],"line":48},"7":{"loc":{"start":{"line":57,"column":18},"end":{"line":57,"column":59}},"type":"cond-expr","locations":[{"start":{"line":57,"column":47},"end":{"line":57,"column":51}},{"start":{"line":57,"column":54},"end":{"line":57,"column":59}}],"line":57},"8":{"loc":{"start":{"line":60,"column":9},"end":{"line":64,"column":62}},"type":"cond-expr","locations":[{"start":{"line":61,"column":12},"end":{"line":63,"column":14}},{"start":{"line":64,"column":12},"end":{"line":64,"column":62}}],"line":60},"9":{"loc":{"start":{"line":60,"column":9},"end":{"line":60,"column":70}},"type":"binary-expr","locations":[{"start":{"line":60,"column":9},"end":{"line":60,"column":35}},{"start":{"line":60,"column":39},"end":{"line":60,"column":70}}],"line":60},"10":{"loc":{"start":{"line":72,"column":18},"end":{"line":72,"column":85}},"type":"binary-expr","locations":[{"start":{"line":72,"column":18},"end":{"line":72,"column":62}},{"start":{"line":72,"column":66},"end":{"line":72,"column":85}}],"line":72},"11":{"loc":{"start":{"line":75,"column":70},"end":{"line":75,"column":110}},"type":"cond-expr","locations":[{"start":{"line":75,"column":84},"end":{"line":75,"column":94}},{"start":{"line":75,"column":97},"end":{"line":75,"column":110}}],"line":75}},"s":{"0":1,"1":1,"2":1,"3":1,"4":1,"5":1,"6":1,"7":1,"8":1,"9":1,"10":1,"11":1,"12":1,"13":0,"14":0,"15":0,"16":0,"17":0,"18":1,"19":0,"20":1,"21":1,"22":0,"23":0,"24":0,"25":0},"f":{"0":1,"1":1,"2":1,"3":0,"4":0,"5":0,"6":1,"7":0,"8":0,"9":0,"10":0},"b":{"0":[0,0],"1":[0,0],"2":[1,0],"3":[1,1],"4":[1,0],"5":[1,1],"6":[1,0],"7":[1,0],"8":[0,1],"9":[1,0],"10":[1,1],"11":[0,1]},"_coverageSchema":"1a1c01bbd47fc00a2c39e90264f33305004495a9","hash":"8f61b58f9576eaf817aaaa218ab0f8f72ebe7462"}
,"/Users/parkerjn90/HackReactor/Sprints/FEC_Lighthouse/src/components/Overview/Features.jsx": {"path":"/Users/parkerjn90/HackReactor/Sprints/FEC_Lighthouse/src/components/Overview/Features.jsx","statementMap":{"0":{"start":{"line":3,"column":17},"end":{"line":11,"column":1}},"1":{"start":{"line":4,"column":2},"end":{"line":10,"column":3}},"2":{"start":{"line":7,"column":6},"end":{"line":7,"column":85}}},"fnMap":{"0":{"name":"(anonymous_0)","decl":{"start":{"line":3,"column":17},"end":{"line":3,"column":18}},"loc":{"start":{"line":3,"column":39},"end":{"line":11,"column":1}},"line":3},"1":{"name":"(anonymous_1)","decl":{"start":{"line":6,"column":34},"end":{"line":6,"column":35}},"loc":{"start":{"line":6,"column":45},"end":{"line":8,"column":5}},"line":6}},"branchMap":{},"s":{"0":1,"1":1,"2":1},"f":{"0":1,"1":1},"b":{},"_coverageSchema":"1a1c01bbd47fc00a2c39e90264f33305004495a9","hash":"6594dbf2896a82962797d8138997eb1eb3d2a2ed"}
,"/Users/parkerjn90/HackReactor/Sprints/FEC_Lighthouse/src/components/Overview/ImageCarousel.jsx": {"path":"/Users/parkerjn90/HackReactor/Sprints/FEC_Lighthouse/src/components/Overview/ImageCarousel.jsx","statementMap":{"0":{"start":{"line":7,"column":22},"end":{"line":113,"column":1}},"1":{"start":{"line":9,"column":17},"end":{"line":9,"column":19}},"2":{"start":{"line":10,"column":21},"end":{"line":10,"column":23}},"3":{"start":{"line":12,"column":2},"end":{"line":15,"column":3}},"4":{"start":{"line":13,"column":4},"end":{"line":13,"column":25}},"5":{"start":{"line":14,"column":4},"end":{"line":14,"column":39}},"6":{"start":{"line":17,"column":31},"end":{"line":17,"column":42}},"7":{"start":{"line":18,"column":34},"end":{"line":18,"column":58}},"8":{"start":{"line":20,"column":27},"end":{"line":39,"column":3}},"9":{"start":{"line":27,"column":41},"end":{"line":27,"column":73}},"10":{"start":{"line":31,"column":15},"end":{"line":31,"column":29}},"11":{"start":{"line":35,"column":14},"end":{"line":35,"column":35}},"12":{"start":{"line":37,"column":4},"end":{"line":37,"column":38}},"13":{"start":{"line":42,"column":2},"end":{"line":112,"column":9}},"14":{"start":{"line":53,"column":24},"end":{"line":53,"column":46}},"15":{"start":{"line":58,"column":8},"end":{"line":70,"column":17}},"16":{"start":{"line":68,"column":30},"end":{"line":68,"column":41}},"17":{"start":{"line":76,"column":24},"end":{"line":76,"column":46}},"18":{"start":{"line":83,"column":24},"end":{"line":83,"column":46}},"19":{"start":{"line":90,"column":10},"end":{"line":96,"column":11}},"20":{"start":{"line":91,"column":12},"end":{"line":91,"column":29}},"21":{"start":{"line":92,"column":17},"end":{"line":96,"column":11}},"22":{"start":{"line":93,"column":12},"end":{"line":93,"column":28}},"23":{"start":{"line":95,"column":12},"end":{"line":95,"column":30}},"24":{"start":{"line":108,"column":24},"end":{"line":108,"column":46}}},"fnMap":{"0":{"name":"(anonymous_0)","decl":{"start":{"line":7,"column":22},"end":{"line":7,"column":23}},"loc":{"start":{"line":7,"column":84},"end":{"line":113,"column":1}},"line":7},"1":{"name":"(anonymous_1)","decl":{"start":{"line":20,"column":27},"end":{"line":20,"column":28}},"loc":{"start":{"line":20,"column":34},"end":{"line":39,"column":3}},"line":20},"2":{"name":"(anonymous_2)","decl":{"start":{"line":53,"column":17},"end":{"line":53,"column":18}},"loc":{"start":{"line":53,"column":23},"end":{"line":53,"column":47}},"line":53},"3":{"name":"(anonymous_3)","decl":{"start":{"line":57,"column":22},"end":{"line":57,"column":23}},"loc":{"start":{"line":57,"column":34},"end":{"line":71,"column":7}},"line":57},"4":{"name":"(anonymous_4)","decl":{"start":{"line":68,"column":23},"end":{"line":68,"column":24}},"loc":{"start":{"line":68,"column":29},"end":{"line":68,"column":42}},"line":68},"5":{"name":"(anonymous_5)","decl":{"start":{"line":76,"column":17},"end":{"line":76,"column":18}},"loc":{"start":{"line":76,"column":23},"end":{"line":76,"column":47}},"line":76},"6":{"name":"(anonymous_6)","decl":{"start":{"line":83,"column":17},"end":{"line":83,"column":18}},"loc":{"start":{"line":83,"column":23},"end":{"line":83,"column":47}},"line":83},"7":{"name":"(anonymous_7)","decl":{"start":{"line":89,"column":17},"end":{"line":89,"column":18}},"loc":{"start":{"line":89,"column":23},"end":{"line":97,"column":9}},"line":89},"8":{"name":"(anonymous_8)","decl":{"start":{"line":98,"column":49},"end":{"line":98,"column":50}},"loc":{"start":{"line":98,"column":55},"end":{"line":98,"column":57}},"line":98},"9":{"name":"(anonymous_9)","decl":{"start":{"line":108,"column":17},"end":{"line":108,"column":18}},"loc":{"start":{"line":108,"column":23},"end":{"line":108,"column":47}},"line":108}},"branchMap":{"0":{"loc":{"start":{"line":49,"column":20},"end":{"line":49,"column":59}},"type":"cond-expr","locations":[{"start":{"line":49,"column":31},"end":{"line":49,"column":45}},{"start":{"line":49,"column":48},"end":{"line":49,"column":59}}],"line":49},"1":{"loc":{"start":{"line":51,"column":19},"end":{"line":51,"column":51}},"type":"cond-expr","locations":[{"start":{"line":51,"column":28},"end":{"line":51,"column":39}},{"start":{"line":51,"column":42},"end":{"line":51,"column":51}}],"line":51},"2":{"loc":{"start":{"line":52,"column":28},"end":{"line":52,"column":65}},"type":"cond-expr","locations":[{"start":{"line":52,"column":45},"end":{"line":52,"column":54}},{"start":{"line":52,"column":57},"end":{"line":52,"column":65}}],"line":52},"3":{"loc":{"start":{"line":61,"column":29},"end":{"line":61,"column":107}},"type":"cond-expr","locations":[{"start":{"line":61,"column":96},"end":{"line":61,"column":102}},{"start":{"line":61,"column":105},"end":{"line":61,"column":107}}],"line":61},"4":{"loc":{"start":{"line":61,"column":30},"end":{"line":61,"column":93}},"type":"binary-expr","locations":[{"start":{"line":61,"column":30},"end":{"line":61,"column":46}},{"start":{"line":61,"column":51},"end":{"line":61,"column":63}},{"start":{"line":61,"column":67},"end":{"line":61,"column":92}}],"line":61},"5":{"loc":{"start":{"line":63,"column":25},"end":{"line":63,"column":78}},"type":"cond-expr","locations":[{"start":{"line":63,"column":34},"end":{"line":63,"column":47}},{"start":{"line":63,"column":50},"end":{"line":63,"column":78}}],"line":63},"6":{"loc":{"start":{"line":63,"column":50},"end":{"line":63,"column":78}},"type":"cond-expr","locations":[{"start":{"line":63,"column":61},"end":{"line":63,"column":73}},{"start":{"line":63,"column":76},"end":{"line":63,"column":78}}],"line":63},"7":{"loc":{"start":{"line":66,"column":24},"end":{"line":66,"column":67}},"type":"cond-expr","locations":[{"start":{"line":66,"column":55},"end":{"line":66,"column":62}},{"start":{"line":66,"column":65},"end":{"line":66,"column":67}}],"line":66},"8":{"loc":{"start":{"line":74,"column":19},"end":{"line":74,"column":53}},"type":"cond-expr","locations":[{"start":{"line":74,"column":28},"end":{"line":74,"column":39}},{"start":{"line":74,"column":42},"end":{"line":74,"column":53}}],"line":74},"9":{"loc":{"start":{"line":75,"column":28},"end":{"line":75,"column":83}},"type":"cond-expr","locations":[{"start":{"line":75,"column":63},"end":{"line":75,"column":72}},{"start":{"line":75,"column":75},"end":{"line":75,"column":83}}],"line":75},"10":{"loc":{"start":{"line":81,"column":19},"end":{"line":81,"column":81}},"type":"cond-expr","locations":[{"start":{"line":81,"column":28},"end":{"line":81,"column":39}},{"start":{"line":81,"column":42},"end":{"line":81,"column":81}}],"line":81},"11":{"loc":{"start":{"line":81,"column":42},"end":{"line":81,"column":81}},"type":"cond-expr","locations":[{"start":{"line":81,"column":53},"end":{"line":81,"column":67}},{"start":{"line":81,"column":70},"end":{"line":81,"column":81}}],"line":81},"12":{"loc":{"start":{"line":82,"column":28},"end":{"line":82,"column":65}},"type":"cond-expr","locations":[{"start":{"line":82,"column":45},"end":{"line":82,"column":54}},{"start":{"line":82,"column":57},"end":{"line":82,"column":65}}],"line":82},"13":{"loc":{"start":{"line":87,"column":19},"end":{"line":87,"column":64}},"type":"cond-expr","locations":[{"start":{"line":87,"column":28},"end":{"line":87,"column":37}},{"start":{"line":87,"column":40},"end":{"line":87,"column":64}}],"line":87},"14":{"loc":{"start":{"line":87,"column":40},"end":{"line":87,"column":64}},"type":"cond-expr","locations":[{"start":{"line":87,"column":51},"end":{"line":87,"column":59}},{"start":{"line":87,"column":62},"end":{"line":87,"column":64}}],"line":87},"15":{"loc":{"start":{"line":90,"column":10},"end":{"line":96,"column":11}},"type":"if","locations":[{"start":{"line":90,"column":10},"end":{"line":96,"column":11}},{"start":{"line":92,"column":17},"end":{"line":96,"column":11}}],"line":90},"16":{"loc":{"start":{"line":92,"column":17},"end":{"line":96,"column":11}},"type":"if","locations":[{"start":{"line":92,"column":17},"end":{"line":96,"column":11}},{"start":{"line":94,"column":17},"end":{"line":96,"column":11}}],"line":92},"17":{"loc":{"start":{"line":98,"column":21},"end":{"line":98,"column":57}},"type":"cond-expr","locations":[{"start":{"line":98,"column":30},"end":{"line":98,"column":46}},{"start":{"line":98,"column":49},"end":{"line":98,"column":57}}],"line":98},"18":{"loc":{"start":{"line":100,"column":20},"end":{"line":100,"column":44}},"type":"cond-expr","locations":[{"start":{"line":100,"column":29},"end":{"line":100,"column":39}},{"start":{"line":100,"column":42},"end":{"line":100,"column":44}}],"line":100},"19":{"loc":{"start":{"line":101,"column":17},"end":{"line":101,"column":42}},"type":"cond-expr","locations":[{"start":{"line":101,"column":26},"end":{"line":101,"column":37}},{"start":{"line":101,"column":40},"end":{"line":101,"column":42}}],"line":101},"20":{"loc":{"start":{"line":102,"column":15},"end":{"line":102,"column":40}},"type":"cond-expr","locations":[{"start":{"line":102,"column":24},"end":{"line":102,"column":35}},{"start":{"line":102,"column":38},"end":{"line":102,"column":40}}],"line":102},"21":{"loc":{"start":{"line":106,"column":19},"end":{"line":106,"column":83}},"type":"cond-expr","locations":[{"start":{"line":106,"column":28},"end":{"line":106,"column":39}},{"start":{"line":106,"column":42},"end":{"line":106,"column":83}}],"line":106},"22":{"loc":{"start":{"line":106,"column":42},"end":{"line":106,"column":83}},"type":"cond-expr","locations":[{"start":{"line":106,"column":53},"end":{"line":106,"column":68}},{"start":{"line":106,"column":71},"end":{"line":106,"column":83}}],"line":106},"23":{"loc":{"start":{"line":107,"column":28},"end":{"line":107,"column":79}},"type":"cond-expr","locations":[{"start":{"line":107,"column":59},"end":{"line":107,"column":68}},{"start":{"line":107,"column":71},"end":{"line":107,"column":79}}],"line":107}},"s":{"0":1,"1":1,"2":1,"3":1,"4":1,"5":1,"6":1,"7":1,"8":1,"9":0,"10":0,"11":0,"12":0,"13":1,"14":0,"15":1,"16":0,"17":0,"18":0,"19":0,"20":0,"21":0,"22":0,"23":0,"24":0},"f":{"0":1,"1":0,"2":0,"3":1,"4":0,"5":0,"6":0,"7":0,"8":0,"9":0},"b":{"0":[0,1],"1":[0,1],"2":[0,1],"3":[0,1],"4":[1,1,0],"5":[0,1],"6":[0,1],"7":[1,0],"8":[0,1],"9":[0,1],"10":[0,1],"11":[0,1],"12":[0,1],"13":[0,1],"14":[0,1],"15":[0,0],"16":[0,0],"17":[0,1],"18":[0,1],"19":[0,1],"20":[0,1],"21":[0,1],"22":[0,1],"23":[0,1]},"_coverageSchema":"1a1c01bbd47fc00a2c39e90264f33305004495a9","hash":"752ca7670a3eda241da5a23b2f46c0943c452b5b"}
,"/Users/parkerjn90/HackReactor/Sprints/FEC_Lighthouse/src/components/Overview/ImageModal.jsx": {"path":"/Users/parkerjn90/HackReactor/Sprints/FEC_Lighthouse/src/components/Overview/ImageModal.jsx","statementMap":{"0":{"start":{"line":5,"column":19},"end":{"line":24,"column":1}},"1":{"start":{"line":7,"column":2},"end":{"line":23,"column":3}},"2":{"start":{"line":8,"column":77},"end":{"line":8,"column":96}},"3":{"start":{"line":8,"column":97},"end":{"line":8,"column":114}},"4":{"start":{"line":9,"column":56},"end":{"line":9,"column":75}},"5":{"start":{"line":13,"column":28},"end":{"line":13,"column":47}},"6":{"start":{"line":13,"column":48},"end":{"line":13,"column":65}}},"fnMap":{"0":{"name":"(anonymous_0)","decl":{"start":{"line":5,"column":19},"end":{"line":5,"column":20}},"loc":{"start":{"line":5,"column":67},"end":{"line":24,"column":1}},"line":5},"1":{"name":"(anonymous_1)","decl":{"start":{"line":8,"column":70},"end":{"line":8,"column":71}},"loc":{"start":{"line":8,"column":76},"end":{"line":8,"column":115}},"line":8},"2":{"name":"(anonymous_2)","decl":{"start":{"line":9,"column":51},"end":{"line":9,"column":52}},"loc":{"start":{"line":9,"column":56},"end":{"line":9,"column":75}},"line":9},"3":{"name":"(anonymous_3)","decl":{"start":{"line":13,"column":21},"end":{"line":13,"column":22}},"loc":{"start":{"line":13,"column":27},"end":{"line":13,"column":66}},"line":13}},"branchMap":{"0":{"loc":{"start":{"line":12,"column":29},"end":{"line":12,"column":49}},"type":"cond-expr","locations":[{"start":{"line":12,"column":38},"end":{"line":12,"column":44}},{"start":{"line":12,"column":47},"end":{"line":12,"column":49}}],"line":12}},"s":{"0":1,"1":3,"2":2,"3":2,"4":0,"5":0,"6":0},"f":{"0":3,"1":2,"2":0,"3":0},"b":{"0":[0,3]},"_coverageSchema":"1a1c01bbd47fc00a2c39e90264f33305004495a9","hash":"07e207f744cc146c9fe4262300577169570d4190"}
,"/Users/parkerjn90/HackReactor/Sprints/FEC_Lighthouse/src/components/Overview/OverviewStyledCom.jsx": {"path":"/Users/parkerjn90/HackReactor/Sprints/FEC_Lighthouse/src/components/Overview/OverviewStyledCom.jsx","statementMap":{"0":{"start":{"line":4,"column":24},"end":{"line":11,"column":1}},"1":{"start":{"line":13,"column":27},"end":{"line":23,"column":1}},"2":{"start":{"line":25,"column":19},"end":{"line":39,"column":1}},"3":{"start":{"line":26,"column":22},"end":{"line":26,"column":57}},"4":{"start":{"line":27,"column":23},"end":{"line":27,"column":58}},"5":{"start":{"line":28,"column":26},"end":{"line":28,"column":65}},"6":{"start":{"line":32,"column":25},"end":{"line":32,"column":124}},"7":{"start":{"line":34,"column":26},"end":{"line":34,"column":75}},"8":{"start":{"line":36,"column":24},"end":{"line":36,"column":60}},"9":{"start":{"line":37,"column":25},"end":{"line":37,"column":61}},"10":{"start":{"line":41,"column":23},"end":{"line":49,"column":1}},"11":{"start":{"line":42,"column":20},"end":{"line":42,"column":54}},"12":{"start":{"line":43,"column":21},"end":{"line":43,"column":55}},"13":{"start":{"line":48,"column":22},"end":{"line":48,"column":69}},"14":{"start":{"line":51,"column":21},"end":{"line":64,"column":1}},"15":{"start":{"line":63,"column":22},"end":{"line":63,"column":67}},"16":{"start":{"line":66,"column":31},"end":{"line":76,"column":1}}},"fnMap":{"0":{"name":"(anonymous_0)","decl":{"start":{"line":26,"column":13},"end":{"line":26,"column":14}},"loc":{"start":{"line":26,"column":22},"end":{"line":26,"column":57}},"line":26},"1":{"name":"(anonymous_1)","decl":{"start":{"line":27,"column":14},"end":{"line":27,"column":15}},"loc":{"start":{"line":27,"column":23},"end":{"line":27,"column":58}},"line":27},"2":{"name":"(anonymous_2)","decl":{"start":{"line":28,"column":17},"end":{"line":28,"column":18}},"loc":{"start":{"line":28,"column":26},"end":{"line":28,"column":65}},"line":28},"3":{"name":"(anonymous_3)","decl":{"start":{"line":32,"column":16},"end":{"line":32,"column":17}},"loc":{"start":{"line":32,"column":25},"end":{"line":32,"column":124}},"line":32},"4":{"name":"(anonymous_4)","decl":{"start":{"line":34,"column":17},"end":{"line":34,"column":18}},"loc":{"start":{"line":34,"column":26},"end":{"line":34,"column":75}},"line":34},"5":{"name":"(anonymous_5)","decl":{"start":{"line":36,"column":15},"end":{"line":36,"column":16}},"loc":{"start":{"line":36,"column":24},"end":{"line":36,"column":60}},"line":36},"6":{"name":"(anonymous_6)","decl":{"start":{"line":37,"column":16},"end":{"line":37,"column":17}},"loc":{"start":{"line":37,"column":25},"end":{"line":37,"column":61}},"line":37},"7":{"name":"(anonymous_7)","decl":{"start":{"line":42,"column":11},"end":{"line":42,"column":12}},"loc":{"start":{"line":42,"column":20},"end":{"line":42,"column":54}},"line":42},"8":{"name":"(anonymous_8)","decl":{"start":{"line":43,"column":12},"end":{"line":43,"column":13}},"loc":{"start":{"line":43,"column":21},"end":{"line":43,"column":55}},"line":43},"9":{"name":"(anonymous_9)","decl":{"start":{"line":48,"column":13},"end":{"line":48,"column":14}},"loc":{"start":{"line":48,"column":22},"end":{"line":48,"column":69}},"line":48},"10":{"name":"(anonymous_10)","decl":{"start":{"line":63,"column":13},"end":{"line":63,"column":14}},"loc":{"start":{"line":63,"column":22},"end":{"line":63,"column":67}},"line":63}},"branchMap":{"0":{"loc":{"start":{"line":26,"column":22},"end":{"line":26,"column":57}},"type":"cond-expr","locations":[{"start":{"line":26,"column":40},"end":{"line":26,"column":47}},{"start":{"line":26,"column":50},"end":{"line":26,"column":57}}],"line":26},"1":{"loc":{"start":{"line":27,"column":23},"end":{"line":27,"column":58}},"type":"cond-expr","locations":[{"start":{"line":27,"column":41},"end":{"line":27,"column":48}},{"start":{"line":27,"column":51},"end":{"line":27,"column":58}}],"line":27},"2":{"loc":{"start":{"line":28,"column":26},"end":{"line":28,"column":65}},"type":"binary-expr","locations":[{"start":{"line":28,"column":26},"end":{"line":28,"column":55}},{"start":{"line":28,"column":59},"end":{"line":28,"column":65}}],"line":28},"3":{"loc":{"start":{"line":32,"column":25},"end":{"line":32,"column":124}},"type":"cond-expr","locations":[{"start":{"line":32,"column":57},"end":{"line":32,"column":67}},{"start":{"line":32,"column":70},"end":{"line":32,"column":124}}],"line":32},"4":{"loc":{"start":{"line":32,"column":70},"end":{"line":32,"column":124}},"type":"cond-expr","locations":[{"start":{"line":32,"column":101},"end":{"line":32,"column":112}},{"start":{"line":32,"column":115},"end":{"line":32,"column":124}}],"line":32},"5":{"loc":{"start":{"line":34,"column":26},"end":{"line":34,"column":75}},"type":"cond-expr","locations":[{"start":{"line":34,"column":58},"end":{"line":34,"column":70}},{"start":{"line":34,"column":73},"end":{"line":34,"column":75}}],"line":34},"6":{"loc":{"start":{"line":36,"column":24},"end":{"line":36,"column":60}},"type":"cond-expr","locations":[{"start":{"line":36,"column":42},"end":{"line":36,"column":50}},{"start":{"line":36,"column":53},"end":{"line":36,"column":60}}],"line":36},"7":{"loc":{"start":{"line":37,"column":25},"end":{"line":37,"column":61}},"type":"cond-expr","locations":[{"start":{"line":37,"column":43},"end":{"line":37,"column":51}},{"start":{"line":37,"column":54},"end":{"line":37,"column":61}}],"line":37},"8":{"loc":{"start":{"line":42,"column":20},"end":{"line":42,"column":54}},"type":"cond-expr","locations":[{"start":{"line":42,"column":38},"end":{"line":42,"column":45}},{"start":{"line":42,"column":48},"end":{"line":42,"column":54}}],"line":42},"9":{"loc":{"start":{"line":43,"column":21},"end":{"line":43,"column":55}},"type":"cond-expr","locations":[{"start":{"line":43,"column":39},"end":{"line":43,"column":46}},{"start":{"line":43,"column":49},"end":{"line":43,"column":55}}],"line":43},"10":{"loc":{"start":{"line":48,"column":22},"end":{"line":48,"column":69}},"type":"cond-expr","locations":[{"start":{"line":48,"column":58},"end":{"line":48,"column":64}},{"start":{"line":48,"column":67},"end":{"line":48,"column":69}}],"line":48},"11":{"loc":{"start":{"line":63,"column":22},"end":{"line":63,"column":67}},"type":"cond-expr","locations":[{"start":{"line":63,"column":56},"end":{"line":63,"column":62}},{"start":{"line":63,"column":65},"end":{"line":63,"column":67}}],"line":63}},"s":{"0":1,"1":1,"2":1,"3":1,"4":1,"5":1,"6":1,"7":1,"8":1,"9":1,"10":1,"11":1,"12":1,"13":1,"14":1,"15":4,"16":1},"f":{"0":1,"1":1,"2":1,"3":1,"4":1,"5":1,"6":1,"7":1,"8":1,"9":1,"10":4},"b":{"0":[0,1],"1":[0,1],"2":[1,1],"3":[0,1],"4":[0,1],"5":[0,1],"6":[0,1],"7":[0,1],"8":[0,1],"9":[0,1],"10":[0,1],"11":[0,4]},"_coverageSchema":"1a1c01bbd47fc00a2c39e90264f33305004495a9","hash":"2a76f70b7d3bc59f0860c3c27ccdb1f7c9cd3918"}
,"/Users/parkerjn90/HackReactor/Sprints/FEC_Lighthouse/src/components/Overview/ProductInfo.jsx": {"path":"/Users/parkerjn90/HackReactor/Sprints/FEC_Lighthouse/src/components/Overview/ProductInfo.jsx","statementMap":{"0":{"start":{"line":6,"column":23},"end":{"line":55,"column":1}},"1":{"start":{"line":7,"column":2},"end":{"line":54,"column":3}},"2":{"start":{"line":26,"column":26},"end":{"line":26,"column":58}},"3":{"start":{"line":31,"column":26},"end":{"line":31,"column":53}},"4":{"start":{"line":36,"column":26},"end":{"line":36,"column":60}}},"fnMap":{"0":{"name":"(anonymous_0)","decl":{"start":{"line":6,"column":23},"end":{"line":6,"column":24}},"loc":{"start":{"line":6,"column":82},"end":{"line":55,"column":1}},"line":6},"1":{"name":"(anonymous_1)","decl":{"start":{"line":26,"column":19},"end":{"line":26,"column":20}},"loc":{"start":{"line":26,"column":25},"end":{"line":26,"column":59}},"line":26},"2":{"name":"(anonymous_2)","decl":{"start":{"line":31,"column":19},"end":{"line":31,"column":20}},"loc":{"start":{"line":31,"column":25},"end":{"line":31,"column":54}},"line":31},"3":{"name":"(anonymous_3)","decl":{"start":{"line":36,"column":19},"end":{"line":36,"column":20}},"loc":{"start":{"line":36,"column":25},"end":{"line":36,"column":61}},"line":36}},"branchMap":{"0":{"loc":{"start":{"line":11,"column":21},"end":{"line":11,"column":53}},"type":"cond-expr","locations":[{"start":{"line":11,"column":42},"end":{"line":11,"column":48}},{"start":{"line":11,"column":51},"end":{"line":11,"column":53}}],"line":11},"1":{"loc":{"start":{"line":17,"column":23},"end":{"line":17,"column":55}},"type":"cond-expr","locations":[{"start":{"line":17,"column":44},"end":{"line":17,"column":50}},{"start":{"line":17,"column":53},"end":{"line":17,"column":55}}],"line":17},"2":{"loc":{"start":{"line":46,"column":5},"end":{"line":48,"column":11}},"type":"cond-expr","locations":[{"start":{"line":47,"column":6},"end":{"line":47,"column":121}},{"start":{"line":48,"column":6},"end":{"line":48,"column":11}}],"line":46},"3":{"loc":{"start":{"line":47,"column":36},"end":{"line":47,"column":81}},"type":"cond-expr","locations":[{"start":{"line":47,"column":62},"end":{"line":47,"column":76}},{"start":{"line":47,"column":79},"end":{"line":47,"column":81}}],"line":47},"4":{"loc":{"start":{"line":50,"column":5},"end":{"line":52,"column":11}},"type":"cond-expr","locations":[{"start":{"line":51,"column":6},"end":{"line":51,"column":110}},{"start":{"line":52,"column":6},"end":{"line":52,"column":11}}],"line":50},"5":{"loc":{"start":{"line":50,"column":5},"end":{"line":50,"column":44}},"type":"binary-expr","locations":[{"start":{"line":50,"column":5},"end":{"line":50,"column":17}},{"start":{"line":50,"column":21},"end":{"line":50,"column":44}}],"line":50}},"s":{"0":1,"1":3,"2":0,"3":0,"4":0},"f":{"0":3,"1":0,"2":0,"3":0},"b":{"0":[1,2],"1":[1,2],"2":[2,1],"3":[1,1],"4":[1,2],"5":[3,2]},"_coverageSchema":"1a1c01bbd47fc00a2c39e90264f33305004495a9","hash":"1cf50c761bbae3b1b867cab82e0ceba0189dbc45"}
,"/Users/parkerjn90/HackReactor/Sprints/FEC_Lighthouse/src/components/Overview/ProductOverview.jsx": {"path":"/Users/parkerjn90/HackReactor/Sprints/FEC_Lighthouse/src/components/Overview/ProductOverview.jsx","statementMap":{"0":{"start":{"line":5,"column":24},"end":{"line":12,"column":1}},"1":{"start":{"line":6,"column":2},"end":{"line":11,"column":3}}},"fnMap":{"0":{"name":"(anonymous_0)","decl":{"start":{"line":5,"column":24},"end":{"line":5,"column":25}},"loc":{"start":{"line":5,"column":46},"end":{"line":12,"column":1}},"line":5}},"branchMap":{},"s":{"0":1,"1":1},"f":{"0":1},"b":{},"_coverageSchema":"1a1c01bbd47fc00a2c39e90264f33305004495a9","hash":"2144167a4557b6d4e98e685cf8005291385f1293"}
,"/Users/parkerjn90/HackReactor/Sprints/FEC_Lighthouse/src/components/Overview/StyleSelector.jsx": {"path":"/Users/parkerjn90/HackReactor/Sprints/FEC_Lighthouse/src/components/Overview/StyleSelector.jsx","statementMap":{"0":{"start":{"line":5,"column":22},"end":{"line":35,"column":1}},"1":{"start":{"line":6,"column":2},"end":{"line":34,"column":3}},"2":{"start":{"line":15,"column":6},"end":{"line":31,"column":7}},"3":{"start":{"line":22,"column":27},"end":{"line":22,"column":65}}},"fnMap":{"0":{"name":"(anonymous_0)","decl":{"start":{"line":5,"column":22},"end":{"line":5,"column":23}},"loc":{"start":{"line":5,"column":67},"end":{"line":35,"column":1}},"line":5},"1":{"name":"(anonymous_1)","decl":{"start":{"line":14,"column":16},"end":{"line":14,"column":17}},"loc":{"start":{"line":14,"column":30},"end":{"line":32,"column":5}},"line":14},"2":{"name":"(anonymous_2)","decl":{"start":{"line":22,"column":21},"end":{"line":22,"column":22}},"loc":{"start":{"line":22,"column":26},"end":{"line":22,"column":66}},"line":22}},"branchMap":{"0":{"loc":{"start":{"line":9,"column":6},"end":{"line":11,"column":13}},"type":"cond-expr","locations":[{"start":{"line":10,"column":8},"end":{"line":10,"column":49}},{"start":{"line":11,"column":8},"end":{"line":11,"column":13}}],"line":9},"1":{"loc":{"start":{"line":17,"column":9},"end":{"line":17,"column":45}},"type":"cond-expr","locations":[{"start":{"line":17,"column":34},"end":{"line":17,"column":39}},{"start":{"line":17,"column":42},"end":{"line":17,"column":45}}],"line":17},"2":{"loc":{"start":{"line":17,"column":9},"end":{"line":17,"column":31}},"type":"binary-expr","locations":[{"start":{"line":17,"column":9},"end":{"line":17,"column":20}},{"start":{"line":17,"column":24},"end":{"line":17,"column":31}}],"line":17},"3":{"loc":{"start":{"line":23,"column":29},"end":{"line":23,"column":65}},"type":"cond-expr","locations":[{"start":{"line":23,"column":54},"end":{"line":23,"column":59}},{"start":{"line":23,"column":62},"end":{"line":23,"column":65}}],"line":23},"4":{"loc":{"start":{"line":26,"column":29},"end":{"line":26,"column":65}},"type":"cond-expr","locations":[{"start":{"line":26,"column":54},"end":{"line":26,"column":56}},{"start":{"line":26,"column":59},"end":{"line":26,"column":65}}],"line":26}},"s":{"0":1,"1":1,"2":0,"3":0},"f":{"0":1,"1":0,"2":0},"b":{"0":[1,0],"1":[0,0],"2":[0,0],"3":[0,0],"4":[0,0]},"_coverageSchema":"1a1c01bbd47fc00a2c39e90264f33305004495a9","hash":"438840803a1604cfeaf46d074f4c64816b634019"}
,"/Users/parkerjn90/HackReactor/Sprints/FEC_Lighthouse/src/components/Overview/Tooltip.jsx": {"path":"/Users/parkerjn90/HackReactor/Sprints/FEC_Lighthouse/src/components/Overview/Tooltip.jsx","statementMap":{"0":{"start":{"line":3,"column":23},"end":{"line":34,"column":1}},"1":{"start":{"line":5,"column":30},"end":{"line":5,"column":45}},"2":{"start":{"line":7,"column":18},"end":{"line":11,"column":3}},"3":{"start":{"line":8,"column":4},"end":{"line":10,"column":12}},"4":{"start":{"line":9,"column":6},"end":{"line":9,"column":22}},"5":{"start":{"line":13,"column":18},"end":{"line":18,"column":3}},"6":{"start":{"line":15,"column":4},"end":{"line":17,"column":12}},"7":{"start":{"line":16,"column":6},"end":{"line":16,"column":23}},"8":{"start":{"line":20,"column":2},"end":{"line":33,"column":3}}},"fnMap":{"0":{"name":"(anonymous_0)","decl":{"start":{"line":3,"column":23},"end":{"line":3,"column":24}},"loc":{"start":{"line":3,"column":34},"end":{"line":34,"column":1}},"line":3},"1":{"name":"(anonymous_1)","decl":{"start":{"line":7,"column":18},"end":{"line":7,"column":19}},"loc":{"start":{"line":7,"column":24},"end":{"line":11,"column":3}},"line":7},"2":{"name":"(anonymous_2)","decl":{"start":{"line":8,"column":25},"end":{"line":8,"column":26}},"loc":{"start":{"line":8,"column":31},"end":{"line":10,"column":5}},"line":8},"3":{"name":"(anonymous_3)","decl":{"start":{"line":13,"column":18},"end":{"line":13,"column":19}},"loc":{"start":{"line":13,"column":24},"end":{"line":18,"column":3}},"line":13},"4":{"name":"(anonymous_4)","decl":{"start":{"line":15,"column":15},"end":{"line":15,"column":16}},"loc":{"start":{"line":15,"column":21},"end":{"line":17,"column":5}},"line":15}},"branchMap":{"0":{"loc":{"start":{"line":27,"column":7},"end":{"line":31,"column":7}},"type":"binary-expr","locations":[{"start":{"line":27,"column":7},"end":{"line":27,"column":13}},{"start":{"line":28,"column":8},"end":{"line":30,"column":14}}],"line":27}},"s":{"0":1,"1":4,"2":4,"3":0,"4":0,"5":4,"6":0,"7":0,"8":4},"f":{"0":4,"1":0,"2":0,"3":0,"4":0},"b":{"0":[4,0]},"_coverageSchema":"1a1c01bbd47fc00a2c39e90264f33305004495a9","hash":"18698ac94a315db79bbb6421cb8f35d2c24ff396"}
,"/Users/parkerjn90/HackReactor/Sprints/FEC_Lighthouse/src/components/Questions/AddAnswerModal.jsx": {"path":"/Users/parkerjn90/HackReactor/Sprints/FEC_Lighthouse/src/components/Questions/AddAnswerModal.jsx","statementMap":{"0":{"start":{"line":6,"column":18},"end":{"line":67,"column":1}},"1":{"start":{"line":8,"column":36},"end":{"line":8,"column":50}},"2":{"start":{"line":9,"column":44},"end":{"line":9,"column":58}},"3":{"start":{"line":10,"column":38},"end":{"line":10,"column":52}},"4":{"start":{"line":12,"column":24},"end":{"line":37,"column":3}},"5":{"start":{"line":13,"column":4},"end":{"line":13,"column":23}},"6":{"start":{"line":14,"column":4},"end":{"line":36,"column":8}},"7":{"start":{"line":25,"column":8},"end":{"line":25,"column":24}},"8":{"start":{"line":28,"column":8},"end":{"line":28,"column":31}},"9":{"start":{"line":31,"column":8},"end":{"line":31,"column":18}},"10":{"start":{"line":34,"column":8},"end":{"line":34,"column":63}},"11":{"start":{"line":35,"column":8},"end":{"line":35,"column":37}},"12":{"start":{"line":40,"column":2},"end":{"line":42,"column":3}},"13":{"start":{"line":41,"column":4},"end":{"line":41,"column":16}},"14":{"start":{"line":44,"column":2},"end":{"line":66,"column":3}},"15":{"start":{"line":54,"column":77},"end":{"line":54,"column":105}},"16":{"start":{"line":56,"column":103},"end":{"line":56,"column":135}},"17":{"start":{"line":59,"column":110},"end":{"line":59,"column":139}}},"fnMap":{"0":{"name":"(anonymous_0)","decl":{"start":{"line":6,"column":18},"end":{"line":6,"column":19}},"loc":{"start":{"line":6,"column":100},"end":{"line":67,"column":1}},"line":6},"1":{"name":"(anonymous_1)","decl":{"start":{"line":12,"column":24},"end":{"line":12,"column":25}},"loc":{"start":{"line":12,"column":31},"end":{"line":37,"column":3}},"line":12},"2":{"name":"(anonymous_2)","decl":{"start":{"line":24,"column":12},"end":{"line":24,"column":13}},"loc":{"start":{"line":24,"column":18},"end":{"line":26,"column":7}},"line":24},"3":{"name":"(anonymous_3)","decl":{"start":{"line":27,"column":12},"end":{"line":27,"column":13}},"loc":{"start":{"line":27,"column":18},"end":{"line":29,"column":7}},"line":27},"4":{"name":"(anonymous_4)","decl":{"start":{"line":30,"column":12},"end":{"line":30,"column":13}},"loc":{"start":{"line":30,"column":18},"end":{"line":32,"column":7}},"line":30},"5":{"name":"(anonymous_5)","decl":{"start":{"line":33,"column":13},"end":{"line":33,"column":14}},"loc":{"start":{"line":33,"column":22},"end":{"line":36,"column":7}},"line":33},"6":{"name":"(anonymous_6)","decl":{"start":{"line":54,"column":69},"end":{"line":54,"column":70}},"loc":{"start":{"line":54,"column":76},"end":{"line":54,"column":106}},"line":54},"7":{"name":"(anonymous_7)","decl":{"start":{"line":56,"column":95},"end":{"line":56,"column":96}},"loc":{"start":{"line":56,"column":102},"end":{"line":56,"column":136}},"line":56},"8":{"name":"(anonymous_8)","decl":{"start":{"line":59,"column":102},"end":{"line":59,"column":103}},"loc":{"start":{"line":59,"column":109},"end":{"line":59,"column":140}},"line":59}},"branchMap":{"0":{"loc":{"start":{"line":40,"column":2},"end":{"line":42,"column":3}},"type":"if","locations":[{"start":{"line":40,"column":2},"end":{"line":42,"column":3}},{"start":{},"end":{}}],"line":40}},"s":{"0":1,"1":4,"2":4,"3":4,"4":4,"5":0,"6":0,"7":0,"8":0,"9":0,"10":0,"11":0,"12":4,"13":2,"14":2,"15":0,"16":0,"17":0},"f":{"0":4,"1":0,"2":0,"3":0,"4":0,"5":0,"6":0,"7":0,"8":0},"b":{"0":[2,2]},"_coverageSchema":"1a1c01bbd47fc00a2c39e90264f33305004495a9","hash":"77b20bfe4d1a196fffd54e29fa16f5e0c432ab69"}
,"/Users/parkerjn90/HackReactor/Sprints/FEC_Lighthouse/src/components/Questions/AddQuestionModal.jsx": {"path":"/Users/parkerjn90/HackReactor/Sprints/FEC_Lighthouse/src/components/Questions/AddQuestionModal.jsx","statementMap":{"0":{"start":{"line":6,"column":20},"end":{"line":66,"column":1}},"1":{"start":{"line":8,"column":36},"end":{"line":8,"column":50}},"2":{"start":{"line":9,"column":44},"end":{"line":9,"column":58}},"3":{"start":{"line":10,"column":38},"end":{"line":10,"column":52}},"4":{"start":{"line":12,"column":24},"end":{"line":37,"column":3}},"5":{"start":{"line":13,"column":4},"end":{"line":13,"column":23}},"6":{"start":{"line":14,"column":4},"end":{"line":36,"column":9}},"7":{"start":{"line":25,"column":8},"end":{"line":25,"column":25}},"8":{"start":{"line":28,"column":8},"end":{"line":28,"column":33}},"9":{"start":{"line":31,"column":8},"end":{"line":31,"column":18}},"10":{"start":{"line":34,"column":8},"end":{"line":34,"column":63}},"11":{"start":{"line":35,"column":8},"end":{"line":35,"column":37}},"12":{"start":{"line":39,"column":2},"end":{"line":41,"column":3}},"13":{"start":{"line":40,"column":4},"end":{"line":40,"column":15}},"14":{"start":{"line":43,"column":2},"end":{"line":65,"column":3}},"15":{"start":{"line":53,"column":101},"end":{"line":53,"column":129}},"16":{"start":{"line":55,"column":108},"end":{"line":55,"column":140}},"17":{"start":{"line":58,"column":116},"end":{"line":58,"column":145}}},"fnMap":{"0":{"name":"(anonymous_0)","decl":{"start":{"line":6,"column":20},"end":{"line":6,"column":21}},"loc":{"start":{"line":6,"column":91},"end":{"line":66,"column":1}},"line":6},"1":{"name":"(anonymous_1)","decl":{"start":{"line":12,"column":24},"end":{"line":12,"column":25}},"loc":{"start":{"line":12,"column":31},"end":{"line":37,"column":3}},"line":12},"2":{"name":"(anonymous_2)","decl":{"start":{"line":24,"column":12},"end":{"line":24,"column":13}},"loc":{"start":{"line":24,"column":18},"end":{"line":26,"column":7}},"line":24},"3":{"name":"(anonymous_3)","decl":{"start":{"line":27,"column":12},"end":{"line":27,"column":13}},"loc":{"start":{"line":27,"column":18},"end":{"line":29,"column":7}},"line":27},"4":{"name":"(anonymous_4)","decl":{"start":{"line":30,"column":12},"end":{"line":30,"column":13}},"loc":{"start":{"line":30,"column":18},"end":{"line":32,"column":7}},"line":30},"5":{"name":"(anonymous_5)","decl":{"start":{"line":33,"column":13},"end":{"line":33,"column":14}},"loc":{"start":{"line":33,"column":22},"end":{"line":36,"column":7}},"line":33},"6":{"name":"(anonymous_6)","decl":{"start":{"line":53,"column":92},"end":{"line":53,"column":93}},"loc":{"start":{"line":53,"column":99},"end":{"line":53,"column":131}},"line":53},"7":{"name":"(anonymous_7)","decl":{"start":{"line":55,"column":99},"end":{"line":55,"column":100}},"loc":{"start":{"line":55,"column":106},"end":{"line":55,"column":142}},"line":55},"8":{"name":"(anonymous_8)","decl":{"start":{"line":58,"column":107},"end":{"line":58,"column":108}},"loc":{"start":{"line":58,"column":114},"end":{"line":58,"column":147}},"line":58}},"branchMap":{"0":{"loc":{"start":{"line":39,"column":2},"end":{"line":41,"column":3}},"type":"if","locations":[{"start":{"line":39,"column":2},"end":{"line":41,"column":3}},{"start":{},"end":{}}],"line":39}},"s":{"0":1,"1":4,"2":4,"3":4,"4":4,"5":0,"6":0,"7":0,"8":0,"9":0,"10":0,"11":0,"12":4,"13":2,"14":2,"15":0,"16":0,"17":0},"f":{"0":4,"1":0,"2":0,"3":0,"4":0,"5":0,"6":0,"7":0,"8":0},"b":{"0":[2,2]},"_coverageSchema":"1a1c01bbd47fc00a2c39e90264f33305004495a9","hash":"8fc31caacf8b83dddd76481eb857abceaa8ef08a"}
,"/Users/parkerjn90/HackReactor/Sprints/FEC_Lighthouse/src/components/Questions/AnswerListEntry.jsx": {"path":"/Users/parkerjn90/HackReactor/Sprints/FEC_Lighthouse/src/components/Questions/AnswerListEntry.jsx","statementMap":{"0":{"start":{"line":7,"column":24},"end":{"line":46,"column":1}},"1":{"start":{"line":9,"column":40},"end":{"line":9,"column":68}},"2":{"start":{"line":10,"column":36},"end":{"line":10,"column":51}},"3":{"start":{"line":11,"column":36},"end":{"line":11,"column":51}},"4":{"start":{"line":13,"column":23},"end":{"line":23,"column":3}},"5":{"start":{"line":14,"column":4},"end":{"line":14,"column":23}},"6":{"start":{"line":15,"column":4},"end":{"line":22,"column":5}},"7":{"start":{"line":16,"column":6},"end":{"line":16,"column":38}},"8":{"start":{"line":17,"column":6},"end":{"line":17,"column":25}},"9":{"start":{"line":18,"column":6},"end":{"line":21,"column":10}},"10":{"start":{"line":20,"column":10},"end":{"line":20,"column":39}},"11":{"start":{"line":25,"column":22},"end":{"line":37,"column":3}},"12":{"start":{"line":26,"column":4},"end":{"line":26,"column":23}},"13":{"start":{"line":27,"column":4},"end":{"line":36,"column":5}},"14":{"start":{"line":28,"column":6},"end":{"line":28,"column":24}},"15":{"start":{"line":29,"column":6},"end":{"line":35,"column":11}},"16":{"start":{"line":31,"column":10},"end":{"line":31,"column":44}},"17":{"start":{"line":34,"column":10},"end":{"line":34,"column":39}},"18":{"start":{"line":39,"column":2},"end":{"line":45,"column":3}}},"fnMap":{"0":{"name":"(anonymous_0)","decl":{"start":{"line":7,"column":24},"end":{"line":7,"column":25}},"loc":{"start":{"line":7,"column":40},"end":{"line":46,"column":1}},"line":7},"1":{"name":"(anonymous_1)","decl":{"start":{"line":13,"column":23},"end":{"line":13,"column":24}},"loc":{"start":{"line":13,"column":30},"end":{"line":23,"column":3}},"line":13},"2":{"name":"(anonymous_2)","decl":{"start":{"line":19,"column":15},"end":{"line":19,"column":16}},"loc":{"start":{"line":19,"column":24},"end":{"line":21,"column":9}},"line":19},"3":{"name":"(anonymous_3)","decl":{"start":{"line":25,"column":22},"end":{"line":25,"column":23}},"loc":{"start":{"line":25,"column":29},"end":{"line":37,"column":3}},"line":25},"4":{"name":"(anonymous_4)","decl":{"start":{"line":30,"column":14},"end":{"line":30,"column":15}},"loc":{"start":{"line":30,"column":20},"end":{"line":32,"column":9}},"line":30},"5":{"name":"(anonymous_5)","decl":{"start":{"line":33,"column":15},"end":{"line":33,"column":16}},"loc":{"start":{"line":33,"column":24},"end":{"line":35,"column":9}},"line":33}},"branchMap":{"0":{"loc":{"start":{"line":15,"column":4},"end":{"line":22,"column":5}},"type":"if","locations":[{"start":{"line":15,"column":4},"end":{"line":22,"column":5}},{"start":{},"end":{}}],"line":15},"1":{"loc":{"start":{"line":27,"column":4},"end":{"line":36,"column":5}},"type":"if","locations":[{"start":{"line":27,"column":4},"end":{"line":36,"column":5}},{"start":{},"end":{}}],"line":27},"2":{"loc":{"start":{"line":42,"column":53},"end":{"line":42,"column":179}},"type":"cond-expr","locations":[{"start":{"line":42,"column":65},"end":{"line":42,"column":116}},{"start":{"line":42,"column":119},"end":{"line":42,"column":179}}],"line":42},"3":{"loc":{"start":{"line":42,"column":182},"end":{"line":42,"column":274}},"type":"cond-expr","locations":[{"start":{"line":42,"column":195},"end":{"line":42,"column":230}},{"start":{"line":42,"column":233},"end":{"line":42,"column":274}}],"line":42},"4":{"loc":{"start":{"line":43,"column":24},"end":{"line":43,"column":127}},"type":"cond-expr","locations":[{"start":{"line":43,"column":60},"end":{"line":43,"column":89}},{"start":{"line":43,"column":92},"end":{"line":43,"column":127}}],"line":43}},"s":{"0":1,"1":3,"2":3,"3":3,"4":3,"5":0,"6":0,"7":0,"8":0,"9":0,"10":0,"11":3,"12":0,"13":0,"14":0,"15":0,"16":0,"17":0,"18":3},"f":{"0":3,"1":0,"2":0,"3":0,"4":0,"5":0},"b":{"0":[0,0],"1":[0,0],"2":[0,3],"3":[0,3],"4":[0,3]},"_coverageSchema":"1a1c01bbd47fc00a2c39e90264f33305004495a9","hash":"ad52d838d1fd80886772f0b1f92a9df2eed48c7d"}
,"/Users/parkerjn90/HackReactor/Sprints/FEC_Lighthouse/src/components/Questions/AnswersList.jsx": {"path":"/Users/parkerjn90/HackReactor/Sprints/FEC_Lighthouse/src/components/Questions/AnswersList.jsx","statementMap":{"0":{"start":{"line":6,"column":20},"end":{"line":23,"column":1}},"1":{"start":{"line":8,"column":2},"end":{"line":22,"column":3}},"2":{"start":{"line":14,"column":12},"end":{"line":16,"column":13}},"3":{"start":{"line":18,"column":63},"end":{"line":18,"column":72}},"4":{"start":{"line":18,"column":126},"end":{"line":18,"column":135}}},"fnMap":{"0":{"name":"(anonymous_0)","decl":{"start":{"line":6,"column":20},"end":{"line":6,"column":21}},"loc":{"start":{"line":6,"column":66},"end":{"line":23,"column":1}},"line":6},"1":{"name":"(anonymous_1)","decl":{"start":{"line":13,"column":23},"end":{"line":13,"column":24}},"loc":{"start":{"line":13,"column":35},"end":{"line":17,"column":11}},"line":13},"2":{"name":"(anonymous_2)","decl":{"start":{"line":18,"column":56},"end":{"line":18,"column":57}},"loc":{"start":{"line":18,"column":63},"end":{"line":18,"column":72}},"line":18},"3":{"name":"(anonymous_3)","decl":{"start":{"line":18,"column":119},"end":{"line":18,"column":120}},"loc":{"start":{"line":18,"column":126},"end":{"line":18,"column":135}},"line":18}},"branchMap":{"0":{"loc":{"start":{"line":18,"column":11},"end":{"line":18,"column":163}},"type":"binary-expr","locations":[{"start":{"line":18,"column":11},"end":{"line":18,"column":21}},{"start":{"line":18,"column":26},"end":{"line":18,"column":162}}],"line":18},"1":{"loc":{"start":{"line":18,"column":26},"end":{"line":18,"column":162}},"type":"cond-expr","locations":[{"start":{"line":18,"column":39},"end":{"line":18,"column":99}},{"start":{"line":18,"column":102},"end":{"line":18,"column":162}}],"line":18}},"s":{"0":1,"1":1,"2":2,"3":0,"4":0},"f":{"0":1,"1":2,"2":0,"3":0},"b":{"0":[1,0],"1":[0,0]},"_coverageSchema":"1a1c01bbd47fc00a2c39e90264f33305004495a9","hash":"53572c17dd358cd6754b587001182e5acea5e988"}
,"/Users/parkerjn90/HackReactor/Sprints/FEC_Lighthouse/src/components/Questions/QuestionListEntry.jsx": {"path":"/Users/parkerjn90/HackReactor/Sprints/FEC_Lighthouse/src/components/Questions/QuestionListEntry.jsx","statementMap":{"0":{"start":{"line":8,"column":26},"end":{"line":78,"column":1}},"1":{"start":{"line":10,"column":32},"end":{"line":10,"column":44}},"2":{"start":{"line":11,"column":46},"end":{"line":11,"column":58}},"3":{"start":{"line":12,"column":38},"end":{"line":12,"column":53}},"4":{"start":{"line":13,"column":40},"end":{"line":13,"column":79}},"5":{"start":{"line":14,"column":36},"end":{"line":14,"column":51}},"6":{"start":{"line":15,"column":36},"end":{"line":15,"column":51}},"7":{"start":{"line":17,"column":24},"end":{"line":39,"column":3}},"8":{"start":{"line":18,"column":4},"end":{"line":38,"column":6}},"9":{"start":{"line":20,"column":27},"end":{"line":20,"column":29}},"10":{"start":{"line":21,"column":25},"end":{"line":21,"column":27}},"11":{"start":{"line":22,"column":6},"end":{"line":28,"column":7}},"12":{"start":{"line":23,"column":8},"end":{"line":27,"column":9}},"13":{"start":{"line":24,"column":10},"end":{"line":24,"column":38}},"14":{"start":{"line":26,"column":10},"end":{"line":26,"column":36}},"15":{"start":{"line":29,"column":20},"end":{"line":29,"column":55}},"16":{"start":{"line":30,"column":6},"end":{"line":30,"column":21}},"17":{"start":{"line":33,"column":6},"end":{"line":33,"column":32}},"18":{"start":{"line":34,"column":6},"end":{"line":34,"column":51}},"19":{"start":{"line":37,"column":6},"end":{"line":37,"column":55}},"20":{"start":{"line":41,"column":23},"end":{"line":52,"column":3}},"21":{"start":{"line":42,"column":4},"end":{"line":42,"column":23}},"22":{"start":{"line":43,"column":4},"end":{"line":51,"column":5}},"23":{"start":{"line":44,"column":6},"end":{"line":44,"column":38}},"24":{"start":{"line":45,"column":6},"end":{"line":45,"column":25}},"25":{"start":{"line":46,"column":6},"end":{"line":49,"column":9}},"26":{"start":{"line":48,"column":8},"end":{"line":48,"column":37}},"27":{"start":{"line":54,"column":18},"end":{"line":62,"column":3}},"28":{"start":{"line":55,"column":4},"end":{"line":61,"column":5}},"29":{"start":{"line":56,"column":6},"end":{"line":56,"column":45}},"30":{"start":{"line":57,"column":6},"end":{"line":57,"column":27}},"31":{"start":{"line":59,"column":6},"end":{"line":59,"column":33}},"32":{"start":{"line":60,"column":6},"end":{"line":60,"column":26}},"33":{"start":{"line":64,"column":4},"end":{"line":66,"column":11}},"34":{"start":{"line":65,"column":6},"end":{"line":65,"column":22}},"35":{"start":{"line":68,"column":2},"end":{"line":76,"column":3}},"36":{"start":{"line":72,"column":31},"end":{"line":72,"column":49}},"37":{"start":{"line":73,"column":184},"end":{"line":73,"column":204}},"38":{"start":{"line":73,"column":205},"end":{"line":73,"column":211}}},"fnMap":{"0":{"name":"(anonymous_0)","decl":{"start":{"line":8,"column":26},"end":{"line":8,"column":27}},"loc":{"start":{"line":8,"column":57},"end":{"line":78,"column":1}},"line":8},"1":{"name":"(anonymous_1)","decl":{"start":{"line":17,"column":24},"end":{"line":17,"column":25}},"loc":{"start":{"line":17,"column":30},"end":{"line":39,"column":3}},"line":17},"2":{"name":"(anonymous_2)","decl":{"start":{"line":19,"column":10},"end":{"line":19,"column":11}},"loc":{"start":{"line":19,"column":26},"end":{"line":31,"column":5}},"line":19},"3":{"name":"(anonymous_3)","decl":{"start":{"line":32,"column":10},"end":{"line":32,"column":11}},"loc":{"start":{"line":32,"column":29},"end":{"line":35,"column":5}},"line":32},"4":{"name":"(anonymous_4)","decl":{"start":{"line":36,"column":11},"end":{"line":36,"column":12}},"loc":{"start":{"line":36,"column":20},"end":{"line":38,"column":5}},"line":36},"5":{"name":"(anonymous_5)","decl":{"start":{"line":41,"column":23},"end":{"line":41,"column":24}},"loc":{"start":{"line":41,"column":30},"end":{"line":52,"column":3}},"line":41},"6":{"name":"(anonymous_6)","decl":{"start":{"line":47,"column":13},"end":{"line":47,"column":14}},"loc":{"start":{"line":47,"column":22},"end":{"line":49,"column":7}},"line":47},"7":{"name":"(anonymous_7)","decl":{"start":{"line":54,"column":18},"end":{"line":54,"column":19}},"loc":{"start":{"line":54,"column":24},"end":{"line":62,"column":3}},"line":54},"8":{"name":"(anonymous_8)","decl":{"start":{"line":64,"column":14},"end":{"line":64,"column":15}},"loc":{"start":{"line":64,"column":20},"end":{"line":66,"column":5}},"line":64},"9":{"name":"(anonymous_9)","decl":{"start":{"line":72,"column":23},"end":{"line":72,"column":24}},"loc":{"start":{"line":72,"column":29},"end":{"line":72,"column":51}},"line":72},"10":{"name":"(anonymous_10)","decl":{"start":{"line":73,"column":176},"end":{"line":73,"column":177}},"loc":{"start":{"line":73,"column":182},"end":{"line":73,"column":213}},"line":73}},"branchMap":{"0":{"loc":{"start":{"line":23,"column":8},"end":{"line":27,"column":9}},"type":"if","locations":[{"start":{"line":23,"column":8},"end":{"line":27,"column":9}},{"start":{"line":25,"column":15},"end":{"line":27,"column":9}}],"line":23},"1":{"loc":{"start":{"line":43,"column":4},"end":{"line":51,"column":5}},"type":"if","locations":[{"start":{"line":43,"column":4},"end":{"line":51,"column":5}},{"start":{},"end":{}}],"line":43},"2":{"loc":{"start":{"line":55,"column":4},"end":{"line":61,"column":5}},"type":"if","locations":[{"start":{"line":55,"column":4},"end":{"line":61,"column":5}},{"start":{"line":58,"column":11},"end":{"line":61,"column":5}}],"line":55},"3":{"loc":{"start":{"line":70,"column":145},"end":{"line":70,"column":271}},"type":"cond-expr","locations":[{"start":{"line":70,"column":157},"end":{"line":70,"column":208}},{"start":{"line":70,"column":211},"end":{"line":70,"column":271}}],"line":70},"4":{"loc":{"start":{"line":74,"column":7},"end":{"line":74,"column":136}},"type":"binary-expr","locations":[{"start":{"line":74,"column":7},"end":{"line":74,"column":25}},{"start":{"line":74,"column":30},"end":{"line":74,"column":135}}],"line":74}},"s":{"0":1,"1":2,"2":2,"3":2,"4":2,"5":2,"6":2,"7":2,"8":2,"9":0,"10":0,"11":0,"12":0,"13":0,"14":0,"15":0,"16":0,"17":0,"18":0,"19":0,"20":2,"21":0,"22":0,"23":0,"24":0,"25":0,"26":0,"27":2,"28":0,"29":0,"30":0,"31":0,"32":0,"33":2,"34":2,"35":2,"36":0,"37":0,"38":0},"f":{"0":2,"1":2,"2":0,"3":0,"4":0,"5":0,"6":0,"7":0,"8":2,"9":0,"10":0},"b":{"0":[0,0],"1":[0,0],"2":[0,0],"3":[0,2],"4":[2,0]},"_coverageSchema":"1a1c01bbd47fc00a2c39e90264f33305004495a9","hash":"b4473151fc000003d2b52bae52105fdd24a6ffd9"}
,"/Users/parkerjn90/HackReactor/Sprints/FEC_Lighthouse/src/components/Questions/QuestionsList.jsx": {"path":"/Users/parkerjn90/HackReactor/Sprints/FEC_Lighthouse/src/components/Questions/QuestionsList.jsx","statementMap":{"0":{"start":{"line":6,"column":22},"end":{"line":22,"column":1}},"1":{"start":{"line":8,"column":2},"end":{"line":20,"column":3}},"2":{"start":{"line":13,"column":12},"end":{"line":15,"column":13}}},"fnMap":{"0":{"name":"(anonymous_0)","decl":{"start":{"line":6,"column":22},"end":{"line":6,"column":23}},"loc":{"start":{"line":6,"column":54},"end":{"line":22,"column":1}},"line":6},"1":{"name":"(anonymous_1)","decl":{"start":{"line":12,"column":25},"end":{"line":12,"column":26}},"loc":{"start":{"line":12,"column":39},"end":{"line":16,"column":11}},"line":12}},"branchMap":{},"s":{"0":1,"1":1,"2":1},"f":{"0":1,"1":1},"b":{},"_coverageSchema":"1a1c01bbd47fc00a2c39e90264f33305004495a9","hash":"a4c0bf3eaa4fc8d07400d48edbdced65134081c7"}
,"/Users/parkerjn90/HackReactor/Sprints/FEC_Lighthouse/src/components/Questions/QuestionsView.jsx": {"path":"/Users/parkerjn90/HackReactor/Sprints/FEC_Lighthouse/src/components/Questions/QuestionsView.jsx","statementMap":{"0":{"start":{"line":8,"column":22},"end":{"line":75,"column":1}},"1":{"start":{"line":10,"column":36},"end":{"line":10,"column":48}},"2":{"start":{"line":11,"column":50},"end":{"line":11,"column":62}},"3":{"start":{"line":12,"column":40},"end":{"line":12,"column":55}},"4":{"start":{"line":13,"column":28},"end":{"line":13,"column":39}},"5":{"start":{"line":14,"column":30},"end":{"line":14,"column":44}},"6":{"start":{"line":16,"column":24},"end":{"line":20,"column":3}},"7":{"start":{"line":17,"column":4},"end":{"line":17,"column":23}},"8":{"start":{"line":18,"column":4},"end":{"line":18,"column":55}},"9":{"start":{"line":19,"column":4},"end":{"line":19,"column":24}},"10":{"start":{"line":22,"column":23},"end":{"line":24,"column":3}},"11":{"start":{"line":23,"column":4},"end":{"line":23,"column":56}},"12":{"start":{"line":26,"column":26},"end":{"line":40,"column":3}},"13":{"start":{"line":27,"column":4},"end":{"line":39,"column":5}},"14":{"start":{"line":28,"column":6},"end":{"line":36,"column":9}},"15":{"start":{"line":29,"column":22},"end":{"line":29,"column":24}},"16":{"start":{"line":30,"column":8},"end":{"line":34,"column":10}},"17":{"start":{"line":31,"column":10},"end":{"line":33,"column":11}},"18":{"start":{"line":32,"column":12},"end":{"line":32,"column":35}},"19":{"start":{"line":35,"column":8},"end":{"line":35,"column":23}},"20":{"start":{"line":38,"column":6},"end":{"line":38,"column":49}},"21":{"start":{"line":42,"column":26},"end":{"line":51,"column":5}},"22":{"start":{"line":43,"column":4},"end":{"line":50,"column":8}},"23":{"start":{"line":45,"column":8},"end":{"line":45,"column":48}},"24":{"start":{"line":46,"column":8},"end":{"line":46,"column":67}},"25":{"start":{"line":49,"column":8},"end":{"line":49,"column":58}},"26":{"start":{"line":53,"column":4},"end":{"line":55,"column":9}},"27":{"start":{"line":54,"column":6},"end":{"line":54,"column":24}},"28":{"start":{"line":57,"column":2},"end":{"line":74,"column":3}},"29":{"start":{"line":69,"column":40},"end":{"line":69,"column":60}},"30":{"start":{"line":70,"column":174},"end":{"line":70,"column":195}}},"fnMap":{"0":{"name":"(anonymous_0)","decl":{"start":{"line":8,"column":22},"end":{"line":8,"column":23}},"loc":{"start":{"line":8,"column":54},"end":{"line":75,"column":1}},"line":8},"1":{"name":"(anonymous_1)","decl":{"start":{"line":16,"column":24},"end":{"line":16,"column":25}},"loc":{"start":{"line":16,"column":31},"end":{"line":20,"column":3}},"line":16},"2":{"name":"(anonymous_2)","decl":{"start":{"line":22,"column":23},"end":{"line":22,"column":24}},"loc":{"start":{"line":22,"column":44},"end":{"line":24,"column":3}},"line":22},"3":{"name":"(anonymous_3)","decl":{"start":{"line":26,"column":26},"end":{"line":26,"column":27}},"loc":{"start":{"line":26,"column":37},"end":{"line":40,"column":3}},"line":26},"4":{"name":"(anonymous_4)","decl":{"start":{"line":28,"column":26},"end":{"line":28,"column":27}},"loc":{"start":{"line":28,"column":32},"end":{"line":36,"column":7}},"line":28},"5":{"name":"(anonymous_5)","decl":{"start":{"line":30,"column":22},"end":{"line":30,"column":23}},"loc":{"start":{"line":30,"column":34},"end":{"line":34,"column":9}},"line":30},"6":{"name":"(anonymous_6)","decl":{"start":{"line":42,"column":26},"end":{"line":42,"column":27}},"loc":{"start":{"line":42,"column":32},"end":{"line":51,"column":5}},"line":42},"7":{"name":"(anonymous_7)","decl":{"start":{"line":44,"column":12},"end":{"line":44,"column":13}},"loc":{"start":{"line":44,"column":30},"end":{"line":47,"column":7}},"line":44},"8":{"name":"(anonymous_8)","decl":{"start":{"line":48,"column":13},"end":{"line":48,"column":14}},"loc":{"start":{"line":48,"column":22},"end":{"line":50,"column":7}},"line":48},"9":{"name":"(anonymous_9)","decl":{"start":{"line":53,"column":14},"end":{"line":53,"column":15}},"loc":{"start":{"line":53,"column":20},"end":{"line":55,"column":3}},"line":53},"10":{"name":"(anonymous_10)","decl":{"start":{"line":69,"column":34},"end":{"line":69,"column":35}},"loc":{"start":{"line":69,"column":40},"end":{"line":69,"column":60}},"line":69},"11":{"name":"(anonymous_11)","decl":{"start":{"line":70,"column":168},"end":{"line":70,"column":169}},"loc":{"start":{"line":70,"column":174},"end":{"line":70,"column":195}},"line":70}},"branchMap":{"0":{"loc":{"start":{"line":27,"column":4},"end":{"line":39,"column":5}},"type":"if","locations":[{"start":{"line":27,"column":4},"end":{"line":39,"column":5}},{"start":{"line":37,"column":11},"end":{"line":39,"column":5}}],"line":27},"1":{"loc":{"start":{"line":31,"column":10},"end":{"line":33,"column":11}},"type":"if","locations":[{"start":{"line":31,"column":10},"end":{"line":33,"column":11}},{"start":{},"end":{}}],"line":31},"2":{"loc":{"start":{"line":64,"column":9},"end":{"line":67,"column":14}},"type":"binary-expr","locations":[{"start":{"line":64,"column":9},"end":{"line":64,"column":29}},{"start":{"line":64,"column":33},"end":{"line":67,"column":14}}],"line":64}},"s":{"0":1,"1":2,"2":2,"3":2,"4":2,"5":2,"6":2,"7":0,"8":0,"9":0,"10":2,"11":0,"12":2,"13":0,"14":0,"15":0,"16":0,"17":0,"18":0,"19":0,"20":0,"21":2,"22":2,"23":0,"24":0,"25":0,"26":2,"27":2,"28":2,"29":0,"30":0},"f":{"0":2,"1":0,"2":0,"3":0,"4":0,"5":0,"6":2,"7":0,"8":0,"9":2,"10":0,"11":0},"b":{"0":[0,0],"1":[0,0],"2":[2,0]},"_coverageSchema":"1a1c01bbd47fc00a2c39e90264f33305004495a9","hash":"de3a7183fdb3183691d52524b1e0617635505749"}
,"/Users/parkerjn90/HackReactor/Sprints/FEC_Lighthouse/src/components/Questions/SearchBar.jsx": {"path":"/Users/parkerjn90/HackReactor/Sprints/FEC_Lighthouse/src/components/Questions/SearchBar.jsx","statementMap":{"0":{"start":{"line":5,"column":18},"end":{"line":29,"column":1}},"1":{"start":{"line":7,"column":30},"end":{"line":7,"column":42}},"2":{"start":{"line":9,"column":22},"end":{"line":16,"column":3}},"3":{"start":{"line":10,"column":4},"end":{"line":10,"column":21}},"4":{"start":{"line":11,"column":4},"end":{"line":15,"column":5}},"5":{"start":{"line":12,"column":6},"end":{"line":12,"column":29}},"6":{"start":{"line":14,"column":6},"end":{"line":14,"column":24}},"7":{"start":{"line":18,"column":27},"end":{"line":21,"column":3}},"8":{"start":{"line":19,"column":4},"end":{"line":19,"column":23}},"9":{"start":{"line":20,"column":4},"end":{"line":20,"column":28}},"10":{"start":{"line":23,"column":2},"end":{"line":28,"column":3}},"11":{"start":{"line":25,"column":130},"end":{"line":25,"column":157}}},"fnMap":{"0":{"name":"(anonymous_0)","decl":{"start":{"line":5,"column":18},"end":{"line":5,"column":19}},"loc":{"start":{"line":5,"column":43},"end":{"line":29,"column":1}},"line":5},"1":{"name":"(anonymous_1)","decl":{"start":{"line":9,"column":22},"end":{"line":9,"column":23}},"loc":{"start":{"line":9,"column":33},"end":{"line":16,"column":3}},"line":9},"2":{"name":"(anonymous_2)","decl":{"start":{"line":18,"column":27},"end":{"line":18,"column":28}},"loc":{"start":{"line":18,"column":34},"end":{"line":21,"column":3}},"line":18},"3":{"name":"(anonymous_3)","decl":{"start":{"line":25,"column":125},"end":{"line":25,"column":126}},"loc":{"start":{"line":25,"column":130},"end":{"line":25,"column":157}},"line":25}},"branchMap":{"0":{"loc":{"start":{"line":11,"column":4},"end":{"line":15,"column":5}},"type":"if","locations":[{"start":{"line":11,"column":4},"end":{"line":15,"column":5}},{"start":{"line":13,"column":11},"end":{"line":15,"column":5}}],"line":11}},"s":{"0":1,"1":3,"2":3,"3":0,"4":0,"5":0,"6":0,"7":3,"8":0,"9":0,"10":3,"11":0},"f":{"0":3,"1":0,"2":0,"3":0},"b":{"0":[0,0]},"_coverageSchema":"1a1c01bbd47fc00a2c39e90264f33305004495a9","hash":"7e9a7b37fde64777f6ec36983e708e80c779caef"}
,"/Users/parkerjn90/HackReactor/Sprints/FEC_Lighthouse/src/components/Questions/Styles.jsx": {"path":"/Users/parkerjn90/HackReactor/Sprints/FEC_Lighthouse/src/components/Questions/Styles.jsx","statementMap":{"0":{"start":{"line":5,"column":18},"end":{"line":8,"column":1}},"1":{"start":{"line":10,"column":16},"end":{"line":13,"column":1}},"2":{"start":{"line":15,"column":17},"end":{"line":19,"column":1}},"3":{"start":{"line":21,"column":21},"end":{"line":24,"column":1}},"4":{"start":{"line":26,"column":19},"end":{"line":30,"column":1}},"5":{"start":{"line":32,"column":13},"end":{"line":40,"column":1}},"6":{"start":{"line":42,"column":20},"end":{"line":45,"column":1}},"7":{"start":{"line":49,"column":26},"end":{"line":66,"column":1}},"8":{"start":{"line":68,"column":24},"end":{"line":85,"column":1}},"9":{"start":{"line":89,"column":19},"end":{"line":100,"column":1}},"10":{"start":{"line":102,"column":19},"end":{"line":107,"column":1}},"11":{"start":{"line":109,"column":14},"end":{"line":113,"column":1}},"12":{"start":{"line":115,"column":24},"end":{"line":119,"column":1}},"13":{"start":{"line":123,"column":23},"end":{"line":127,"column":1}},"14":{"start":{"line":129,"column":18},"end":{"line":132,"column":1}},"15":{"start":{"line":135,"column":14},"end":{"line":137,"column":1}},"16":{"start":{"line":141,"column":18},"end":{"line":146,"column":1}},"17":{"start":{"line":148,"column":21},"end":{"line":154,"column":1}},"18":{"start":{"line":156,"column":22},"end":{"line":163,"column":1}},"19":{"start":{"line":165,"column":20},"end":{"line":172,"column":1}},"20":{"start":{"line":174,"column":19},"end":{"line":177,"column":1}},"21":{"start":{"line":179,"column":17},"end":{"line":185,"column":1}},"22":{"start":{"line":187,"column":20},"end":{"line":192,"column":1}},"23":{"start":{"line":196,"column":22},"end":{"line":204,"column":1}},"24":{"start":{"line":206,"column":15},"end":{"line":214,"column":1}}},"fnMap":{},"branchMap":{},"s":{"0":2,"1":2,"2":2,"3":2,"4":2,"5":2,"6":2,"7":2,"8":2,"9":2,"10":2,"11":2,"12":2,"13":2,"14":2,"15":2,"16":2,"17":2,"18":2,"19":2,"20":2,"21":2,"22":2,"23":2,"24":2},"f":{},"b":{},"_coverageSchema":"1a1c01bbd47fc00a2c39e90264f33305004495a9","hash":"303f4b14d2e2f5f2c4eab972d54745f35ccb65d0"}
,"/Users/parkerjn90/HackReactor/Sprints/FEC_Lighthouse/src/components/Ratings/AddStarRating.jsx": {"path":"/Users/parkerjn90/HackReactor/Sprints/FEC_Lighthouse/src/components/Ratings/AddStarRating.jsx","statementMap":{"0":{"start":{"line":5,"column":15},"end":{"line":8,"column":1}},"1":{"start":{"line":9,"column":15},"end":{"line":18,"column":1}},"2":{"start":{"line":16,"column":4},"end":{"line":16,"column":19}},"3":{"start":{"line":20,"column":22},"end":{"line":57,"column":1}},"4":{"start":{"line":21,"column":40},"end":{"line":21,"column":51}},"5":{"start":{"line":22,"column":36},"end":{"line":22,"column":47}},"6":{"start":{"line":23,"column":40},"end":{"line":23,"column":55}},"7":{"start":{"line":25,"column":19},"end":{"line":31,"column":3}},"8":{"start":{"line":26,"column":21},"end":{"line":26,"column":23}},"9":{"start":{"line":27,"column":4},"end":{"line":29,"column":5}},"10":{"start":{"line":27,"column":17},"end":{"line":27,"column":18}},"11":{"start":{"line":28,"column":6},"end":{"line":28,"column":70}},"12":{"start":{"line":30,"column":4},"end":{"line":30,"column":22}},"13":{"start":{"line":33,"column":20},"end":{"line":38,"column":3}},"14":{"start":{"line":34,"column":4},"end":{"line":34,"column":27}},"15":{"start":{"line":35,"column":4},"end":{"line":37,"column":5}},"16":{"start":{"line":36,"column":6},"end":{"line":36,"column":38}},"17":{"start":{"line":40,"column":22},"end":{"line":45,"column":3}},"18":{"start":{"line":41,"column":4},"end":{"line":41,"column":27}},"19":{"start":{"line":42,"column":4},"end":{"line":42,"column":33}},"20":{"start":{"line":43,"column":4},"end":{"line":43,"column":34}},"21":{"start":{"line":44,"column":4},"end":{"line":44,"column":36}},"22":{"start":{"line":47,"column":2},"end":{"line":56,"column":3}}},"fnMap":{"0":{"name":"(anonymous_0)","decl":{"start":{"line":15,"column":11},"end":{"line":15,"column":12}},"loc":{"start":{"line":15,"column":26},"end":{"line":17,"column":3}},"line":15},"1":{"name":"(anonymous_1)","decl":{"start":{"line":20,"column":22},"end":{"line":20,"column":23}},"loc":{"start":{"line":20,"column":44},"end":{"line":57,"column":1}},"line":20},"2":{"name":"(anonymous_2)","decl":{"start":{"line":25,"column":19},"end":{"line":25,"column":20}},"loc":{"start":{"line":25,"column":33},"end":{"line":31,"column":3}},"line":25},"3":{"name":"(anonymous_3)","decl":{"start":{"line":33,"column":20},"end":{"line":33,"column":21}},"loc":{"start":{"line":33,"column":31},"end":{"line":38,"column":3}},"line":33},"4":{"name":"(anonymous_4)","decl":{"start":{"line":40,"column":22},"end":{"line":40,"column":23}},"loc":{"start":{"line":40,"column":33},"end":{"line":45,"column":3}},"line":40}},"branchMap":{"0":{"loc":{"start":{"line":35,"column":4},"end":{"line":37,"column":5}},"type":"if","locations":[{"start":{"line":35,"column":4},"end":{"line":37,"column":5}},{"start":{},"end":{}}],"line":35},"1":{"loc":{"start":{"line":51,"column":25},"end":{"line":51,"column":76}},"type":"cond-expr","locations":[{"start":{"line":51,"column":43},"end":{"line":51,"column":59}},{"start":{"line":51,"column":62},"end":{"line":51,"column":76}}],"line":51}},"s":{"0":1,"1":1,"2":0,"3":1,"4":0,"5":0,"6":0,"7":0,"8":0,"9":0,"10":0,"11":0,"12":0,"13":0,"14":0,"15":0,"16":0,"17":0,"18":0,"19":0,"20":0,"21":0,"22":0},"f":{"0":0,"1":0,"2":0,"3":0,"4":0},"b":{"0":[0,0],"1":[0,0]},"_coverageSchema":"1a1c01bbd47fc00a2c39e90264f33305004495a9","hash":"8f71371ea05abaab5240abd92e7f6caf8b6bd17f"}
,"/Users/parkerjn90/HackReactor/Sprints/FEC_Lighthouse/src/components/Ratings/NewReviewModal.jsx": {"path":"/Users/parkerjn90/HackReactor/Sprints/FEC_Lighthouse/src/components/Ratings/NewReviewModal.jsx","statementMap":{"0":{"start":{"line":11,"column":19},"end":{"line":16,"column":1}},"1":{"start":{"line":18,"column":24},"end":{"line":23,"column":1}},"2":{"start":{"line":25,"column":13},"end":{"line":27,"column":1}},"3":{"start":{"line":29,"column":19},"end":{"line":31,"column":1}},"4":{"start":{"line":33,"column":23},"end":{"line":212,"column":1}},"5":{"start":{"line":35,"column":36},"end":{"line":35,"column":48}},"6":{"start":{"line":36,"column":30},"end":{"line":36,"column":42}},"7":{"start":{"line":37,"column":36},"end":{"line":37,"column":71}},"8":{"start":{"line":38,"column":32},"end":{"line":38,"column":44}},"9":{"start":{"line":40,"column":24},"end":{"line":40,"column":48}},"10":{"start":{"line":41,"column":33},"end":{"line":41,"column":61}},"11":{"start":{"line":45,"column":25},"end":{"line":47,"column":3}},"12":{"start":{"line":46,"column":4},"end":{"line":46,"column":68}},"13":{"start":{"line":49,"column":20},"end":{"line":71,"column":3}},"14":{"start":{"line":50,"column":4},"end":{"line":50,"column":27}},"15":{"start":{"line":51,"column":15},"end":{"line":51,"column":32}},"16":{"start":{"line":52,"column":16},"end":{"line":52,"column":34}},"17":{"start":{"line":54,"column":4},"end":{"line":57,"column":5}},"18":{"start":{"line":55,"column":6},"end":{"line":55,"column":19}},"19":{"start":{"line":56,"column":6},"end":{"line":56,"column":25}},"20":{"start":{"line":58,"column":4},"end":{"line":61,"column":5}},"21":{"start":{"line":59,"column":6},"end":{"line":59,"column":20}},"22":{"start":{"line":60,"column":6},"end":{"line":60,"column":25}},"23":{"start":{"line":63,"column":4},"end":{"line":63,"column":52}},"24":{"start":{"line":65,"column":4},"end":{"line":67,"column":5}},"25":{"start":{"line":66,"column":6},"end":{"line":66,"column":40}},"26":{"start":{"line":68,"column":4},"end":{"line":70,"column":5}},"27":{"start":{"line":69,"column":6},"end":{"line":69,"column":37}},"28":{"start":{"line":73,"column":20},"end":{"line":77,"column":3}},"29":{"start":{"line":74,"column":15},"end":{"line":74,"column":32}},"30":{"start":{"line":75,"column":4},"end":{"line":75,"column":27}},"31":{"start":{"line":76,"column":4},"end":{"line":76,"column":68}},"32":{"start":{"line":79,"column":21},"end":{"line":87,"column":3}},"33":{"start":{"line":80,"column":4},"end":{"line":80,"column":27}},"34":{"start":{"line":81,"column":24},"end":{"line":81,"column":70}},"35":{"start":{"line":82,"column":4},"end":{"line":86,"column":38}},"36":{"start":{"line":84,"column":8},"end":{"line":84,"column":28}},"37":{"start":{"line":86,"column":20},"end":{"line":86,"column":36}},"38":{"start":{"line":89,"column":2},"end":{"line":211,"column":3}}},"fnMap":{"0":{"name":"(anonymous_0)","decl":{"start":{"line":33,"column":23},"end":{"line":33,"column":24}},"loc":{"start":{"line":33,"column":77},"end":{"line":212,"column":1}},"line":33},"1":{"name":"(anonymous_1)","decl":{"start":{"line":45,"column":25},"end":{"line":45,"column":26}},"loc":{"start":{"line":45,"column":40},"end":{"line":47,"column":3}},"line":45},"2":{"name":"(anonymous_2)","decl":{"start":{"line":49,"column":20},"end":{"line":49,"column":21}},"loc":{"start":{"line":49,"column":31},"end":{"line":71,"column":3}},"line":49},"3":{"name":"(anonymous_3)","decl":{"start":{"line":73,"column":20},"end":{"line":73,"column":21}},"loc":{"start":{"line":73,"column":31},"end":{"line":77,"column":3}},"line":73},"4":{"name":"(anonymous_4)","decl":{"start":{"line":79,"column":21},"end":{"line":79,"column":22}},"loc":{"start":{"line":79,"column":32},"end":{"line":87,"column":3}},"line":79},"5":{"name":"(anonymous_5)","decl":{"start":{"line":83,"column":12},"end":{"line":83,"column":13}},"loc":{"start":{"line":83,"column":18},"end":{"line":85,"column":7}},"line":83},"6":{"name":"(anonymous_6)","decl":{"start":{"line":86,"column":13},"end":{"line":86,"column":14}},"loc":{"start":{"line":86,"column":20},"end":{"line":86,"column":36}},"line":86}},"branchMap":{"0":{"loc":{"start":{"line":54,"column":4},"end":{"line":57,"column":5}},"type":"if","locations":[{"start":{"line":54,"column":4},"end":{"line":57,"column":5}},{"start":{},"end":{}}],"line":54},"1":{"loc":{"start":{"line":58,"column":4},"end":{"line":61,"column":5}},"type":"if","locations":[{"start":{"line":58,"column":4},"end":{"line":61,"column":5}},{"start":{},"end":{}}],"line":58},"2":{"loc":{"start":{"line":65,"column":4},"end":{"line":67,"column":5}},"type":"if","locations":[{"start":{"line":65,"column":4},"end":{"line":67,"column":5}},{"start":{},"end":{}}],"line":65},"3":{"loc":{"start":{"line":68,"column":4},"end":{"line":70,"column":5}},"type":"if","locations":[{"start":{"line":68,"column":4},"end":{"line":70,"column":5}},{"start":{},"end":{}}],"line":68},"4":{"loc":{"start":{"line":127,"column":15},"end":{"line":135,"column":21}},"type":"binary-expr","locations":[{"start":{"line":127,"column":15},"end":{"line":127,"column":56}},{"start":{"line":127,"column":61},"end":{"line":135,"column":20}}],"line":127},"5":{"loc":{"start":{"line":136,"column":15},"end":{"line":143,"column":21}},"type":"binary-expr","locations":[{"start":{"line":136,"column":15},"end":{"line":136,"column":57}},{"start":{"line":136,"column":62},"end":{"line":143,"column":20}}],"line":136},"6":{"loc":{"start":{"line":144,"column":15},"end":{"line":151,"column":21}},"type":"binary-expr","locations":[{"start":{"line":144,"column":15},"end":{"line":144,"column":59}},{"start":{"line":144,"column":64},"end":{"line":151,"column":20}}],"line":144},"7":{"loc":{"start":{"line":152,"column":15},"end":{"line":159,"column":21}},"type":"binary-expr","locations":[{"start":{"line":152,"column":15},"end":{"line":152,"column":59}},{"start":{"line":152,"column":64},"end":{"line":159,"column":20}}],"line":152},"8":{"loc":{"start":{"line":160,"column":15},"end":{"line":167,"column":21}},"type":"binary-expr","locations":[{"start":{"line":160,"column":15},"end":{"line":160,"column":58}},{"start":{"line":160,"column":63},"end":{"line":167,"column":20}}],"line":160},"9":{"loc":{"start":{"line":168,"column":15},"end":{"line":175,"column":21}},"type":"binary-expr","locations":[{"start":{"line":168,"column":15},"end":{"line":168,"column":55}},{"start":{"line":168,"column":60},"end":{"line":175,"column":20}}],"line":168},"10":{"loc":{"start":{"line":190,"column":15},"end":{"line":192,"column":46}},"type":"cond-expr","locations":[{"start":{"line":191,"column":17},"end":{"line":191,"column":74}},{"start":{"line":192,"column":17},"end":{"line":192,"column":45}}],"line":190}},"s":{"0":1,"1":1,"2":1,"3":1,"4":1,"5":0,"6":0,"7":0,"8":0,"9":0,"10":0,"11":0,"12":0,"13":0,"14":0,"15":0,"16":0,"17":0,"18":0,"19":0,"20":0,"21":0,"22":0,"23":0,"24":0,"25":0,"26":0,"27":0,"28":0,"29":0,"30":0,"31":0,"32":0,"33":0,"34":0,"35":0,"36":0,"37":0,"38":0},"f":{"0":0,"1":0,"2":0,"3":0,"4":0,"5":0,"6":0},"b":{"0":[0,0],"1":[0,0],"2":[0,0],"3":[0,0],"4":[0,0],"5":[0,0],"6":[0,0],"7":[0,0],"8":[0,0],"9":[0,0],"10":[0,0]},"_coverageSchema":"1a1c01bbd47fc00a2c39e90264f33305004495a9","hash":"88a59094c145b86d3666ca7ab794787375dae253"}
,"/Users/parkerjn90/HackReactor/Sprints/FEC_Lighthouse/src/components/Ratings/RatingBreakdown.jsx": {"path":"/Users/parkerjn90/HackReactor/Sprints/FEC_Lighthouse/src/components/Ratings/RatingBreakdown.jsx","statementMap":{"0":{"start":{"line":9,"column":24},"end":{"line":63,"column":1}},"1":{"start":{"line":14,"column":24},"end":{"line":14,"column":48}},"2":{"start":{"line":15,"column":2},"end":{"line":21,"column":3}},"3":{"start":{"line":16,"column":14},"end":{"line":16,"column":39}},"4":{"start":{"line":17,"column":16},"end":{"line":17,"column":43}},"5":{"start":{"line":18,"column":17},"end":{"line":18,"column":45}},"6":{"start":{"line":19,"column":18},"end":{"line":19,"column":47}},"7":{"start":{"line":20,"column":18},"end":{"line":20,"column":47}},"8":{"start":{"line":23,"column":4},"end":{"line":31,"column":11}},"9":{"start":{"line":34,"column":31},"end":{"line":44,"column":3}},"10":{"start":{"line":36,"column":19},"end":{"line":36,"column":20}},"11":{"start":{"line":37,"column":21},"end":{"line":37,"column":22}},"12":{"start":{"line":39,"column":4},"end":{"line":42,"column":5}},"13":{"start":{"line":40,"column":6},"end":{"line":40,"column":48}},"14":{"start":{"line":41,"column":6},"end":{"line":41,"column":51}},"15":{"start":{"line":43,"column":4},"end":{"line":43,"column":69}},"16":{"start":{"line":46,"column":2},"end":{"line":62,"column":3}},"17":{"start":{"line":53,"column":10},"end":{"line":57,"column":29}}},"fnMap":{"0":{"name":"(anonymous_0)","decl":{"start":{"line":9,"column":24},"end":{"line":9,"column":25}},"loc":{"start":{"line":9,"column":62},"end":{"line":63,"column":1}},"line":9},"1":{"name":"(anonymous_1)","decl":{"start":{"line":34,"column":31},"end":{"line":34,"column":32}},"loc":{"start":{"line":34,"column":50},"end":{"line":44,"column":3}},"line":34},"2":{"name":"(anonymous_2)","decl":{"start":{"line":52,"column":34},"end":{"line":52,"column":35}},"loc":{"start":{"line":52,"column":44},"end":{"line":58,"column":9}},"line":52}},"branchMap":{"0":{"loc":{"start":{"line":15,"column":2},"end":{"line":21,"column":3}},"type":"if","locations":[{"start":{"line":15,"column":2},"end":{"line":21,"column":3}},{"start":{},"end":{}}],"line":15},"1":{"loc":{"start":{"line":16,"column":14},"end":{"line":16,"column":39}},"type":"binary-expr","locations":[{"start":{"line":16,"column":14},"end":{"line":16,"column":33}},{"start":{"line":16,"column":37},"end":{"line":16,"column":39}}],"line":16},"2":{"loc":{"start":{"line":17,"column":16},"end":{"line":17,"column":43}},"type":"binary-expr","locations":[{"start":{"line":17,"column":16},"end":{"line":17,"column":37}},{"start":{"line":17,"column":41},"end":{"line":17,"column":43}}],"line":17},"3":{"loc":{"start":{"line":18,"column":17},"end":{"line":18,"column":45}},"type":"binary-expr","locations":[{"start":{"line":18,"column":17},"end":{"line":18,"column":39}},{"start":{"line":18,"column":43},"end":{"line":18,"column":45}}],"line":18},"4":{"loc":{"start":{"line":19,"column":18},"end":{"line":19,"column":47}},"type":"binary-expr","locations":[{"start":{"line":19,"column":18},"end":{"line":19,"column":41}},{"start":{"line":19,"column":45},"end":{"line":19,"column":47}}],"line":19},"5":{"loc":{"start":{"line":20,"column":18},"end":{"line":20,"column":47}},"type":"binary-expr","locations":[{"start":{"line":20,"column":18},"end":{"line":20,"column":41}},{"start":{"line":20,"column":45},"end":{"line":20,"column":47}}],"line":20},"6":{"loc":{"start":{"line":23,"column":4},"end":{"line":31,"column":11}},"type":"cond-expr","locations":[{"start":{"line":24,"column":6},"end":{"line":30,"column":9}},{"start":{"line":31,"column":6},"end":{"line":31,"column":11}}],"line":23},"7":{"loc":{"start":{"line":25,"column":9},"end":{"line":25,"column":77}},"type":"binary-expr","locations":[{"start":{"line":25,"column":9},"end":{"line":25,"column":14}},{"start":{"line":25,"column":18},"end":{"line":25,"column":77}}],"line":25},"8":{"loc":{"start":{"line":26,"column":9},"end":{"line":26,"column":83}},"type":"binary-expr","locations":[{"start":{"line":26,"column":9},"end":{"line":26,"column":16}},{"start":{"line":26,"column":20},"end":{"line":26,"column":83}}],"line":26},"9":{"loc":{"start":{"line":27,"column":9},"end":{"line":27,"column":86}},"type":"binary-expr","locations":[{"start":{"line":27,"column":9},"end":{"line":27,"column":17}},{"start":{"line":27,"column":21},"end":{"line":27,"column":86}}],"line":27},"10":{"loc":{"start":{"line":28,"column":9},"end":{"line":28,"column":89}},"type":"binary-expr","locations":[{"start":{"line":28,"column":9},"end":{"line":28,"column":18}},{"start":{"line":28,"column":22},"end":{"line":28,"column":89}}],"line":28},"11":{"loc":{"start":{"line":29,"column":9},"end":{"line":29,"column":89}},"type":"binary-expr","locations":[{"start":{"line":29,"column":9},"end":{"line":29,"column":18}},{"start":{"line":29,"column":22},"end":{"line":29,"column":89}}],"line":29},"12":{"loc":{"start":{"line":43,"column":11},"end":{"line":43,"column":68}},"type":"cond-expr","locations":[{"start":{"line":43,"column":30},"end":{"line":43,"column":31}},{"start":{"line":43,"column":34},"end":{"line":43,"column":68}}],"line":43}},"s":{"0":1,"1":2,"2":2,"3":2,"4":2,"5":2,"6":2,"7":2,"8":2,"9":2,"10":2,"11":2,"12":2,"13":10,"14":10,"15":2,"16":2,"17":10},"f":{"0":2,"1":2,"2":10},"b":{"0":[2,0],"1":[2,0],"2":[2,2],"3":[2,0],"4":[2,0],"5":[2,0],"6":[2,0],"7":[2,2],"8":[2,0],"9":[2,2],"10":[2,2],"11":[2,2],"12":[0,2]},"_coverageSchema":"1a1c01bbd47fc00a2c39e90264f33305004495a9","hash":"88f155770d99f0f400581a2ecc4ef454f200d586"}
,"/Users/parkerjn90/HackReactor/Sprints/FEC_Lighthouse/src/components/Ratings/RatingsReviews.jsx": {"path":"/Users/parkerjn90/HackReactor/Sprints/FEC_Lighthouse/src/components/Ratings/RatingsReviews.jsx","statementMap":{"0":{"start":{"line":8,"column":16},"end":{"line":13,"column":5}},"1":{"start":{"line":15,"column":18},"end":{"line":21,"column":3}},"2":{"start":{"line":23,"column":18},"end":{"line":30,"column":3}},"3":{"start":{"line":31,"column":15},"end":{"line":39,"column":3}},"4":{"start":{"line":41,"column":22},"end":{"line":51,"column":3}},"5":{"start":{"line":53,"column":22},"end":{"line":60,"column":3}},"6":{"start":{"line":62,"column":23},"end":{"line":88,"column":1}},"7":{"start":{"line":64,"column":36},"end":{"line":64,"column":51}},"8":{"start":{"line":66,"column":18},"end":{"line":69,"column":3}},"9":{"start":{"line":67,"column":4},"end":{"line":67,"column":27}},"10":{"start":{"line":68,"column":4},"end":{"line":68,"column":29}},"11":{"start":{"line":71,"column":2},"end":{"line":87,"column":3}}},"fnMap":{"0":{"name":"(anonymous_0)","decl":{"start":{"line":62,"column":23},"end":{"line":62,"column":24}},"loc":{"start":{"line":62,"column":74},"end":{"line":88,"column":1}},"line":62},"1":{"name":"(anonymous_1)","decl":{"start":{"line":66,"column":18},"end":{"line":66,"column":19}},"loc":{"start":{"line":66,"column":29},"end":{"line":69,"column":3}},"line":66}},"branchMap":{"0":{"loc":{"start":{"line":85,"column":7},"end":{"line":85,"column":128}},"type":"binary-expr","locations":[{"start":{"line":85,"column":7},"end":{"line":85,"column":16}},{"start":{"line":85,"column":20},"end":{"line":85,"column":128}}],"line":85}},"s":{"0":1,"1":1,"2":1,"3":1,"4":1,"5":1,"6":1,"7":1,"8":1,"9":0,"10":0,"11":1},"f":{"0":1,"1":0},"b":{"0":[1,0]},"_coverageSchema":"1a1c01bbd47fc00a2c39e90264f33305004495a9","hash":"4d03ba983180cf5eeaa752d391fbb2c65973ed1a"}
,"/Users/parkerjn90/HackReactor/Sprints/FEC_Lighthouse/src/components/Ratings/ReviewList.jsx": {"path":"/Users/parkerjn90/HackReactor/Sprints/FEC_Lighthouse/src/components/Ratings/ReviewList.jsx","statementMap":{"0":{"start":{"line":7,"column":13},"end":{"line":10,"column":1}},"1":{"start":{"line":12,"column":19},"end":{"line":59,"column":1}},"2":{"start":{"line":14,"column":32},"end":{"line":14,"column":44}},"3":{"start":{"line":15,"column":36},"end":{"line":15,"column":48}},"4":{"start":{"line":16,"column":49},"end":{"line":16,"column":63}},"5":{"start":{"line":17,"column":26},"end":{"line":17,"column":46}},"6":{"start":{"line":20,"column":2},"end":{"line":27,"column":9}},"7":{"start":{"line":21,"column":4},"end":{"line":26,"column":40}},"8":{"start":{"line":23,"column":8},"end":{"line":23,"column":41}},"9":{"start":{"line":24,"column":8},"end":{"line":24,"column":55}},"10":{"start":{"line":26,"column":22},"end":{"line":26,"column":38}},"11":{"start":{"line":29,"column":24},"end":{"line":32,"column":3}},"12":{"start":{"line":30,"column":4},"end":{"line":30,"column":27}},"13":{"start":{"line":31,"column":4},"end":{"line":31,"column":57}},"14":{"start":{"line":34,"column":2},"end":{"line":58,"column":3}},"15":{"start":{"line":40,"column":10},"end":{"line":40,"column":29}},"16":{"start":{"line":41,"column":10},"end":{"line":41,"column":34}},"17":{"start":{"line":50,"column":8},"end":{"line":52,"column":36}}},"fnMap":{"0":{"name":"(anonymous_0)","decl":{"start":{"line":12,"column":19},"end":{"line":12,"column":20}},"loc":{"start":{"line":12,"column":38},"end":{"line":59,"column":1}},"line":12},"1":{"name":"(anonymous_1)","decl":{"start":{"line":20,"column":12},"end":{"line":20,"column":13}},"loc":{"start":{"line":20,"column":18},"end":{"line":27,"column":3}},"line":20},"2":{"name":"(anonymous_2)","decl":{"start":{"line":22,"column":12},"end":{"line":22,"column":13}},"loc":{"start":{"line":22,"column":25},"end":{"line":25,"column":7}},"line":22},"3":{"name":"(anonymous_3)","decl":{"start":{"line":26,"column":13},"end":{"line":26,"column":14}},"loc":{"start":{"line":26,"column":22},"end":{"line":26,"column":38}},"line":26},"4":{"name":"(anonymous_4)","decl":{"start":{"line":29,"column":24},"end":{"line":29,"column":25}},"loc":{"start":{"line":29,"column":35},"end":{"line":32,"column":3}},"line":29},"5":{"name":"(anonymous_5)","decl":{"start":{"line":39,"column":41},"end":{"line":39,"column":42}},"loc":{"start":{"line":39,"column":48},"end":{"line":42,"column":11}},"line":39},"6":{"name":"(anonymous_6)","decl":{"start":{"line":49,"column":22},"end":{"line":49,"column":23}},"loc":{"start":{"line":49,"column":32},"end":{"line":53,"column":7}},"line":49}},"branchMap":{"0":{"loc":{"start":{"line":54,"column":7},"end":{"line":56,"column":13}},"type":"cond-expr","locations":[{"start":{"line":55,"column":8},"end":{"line":55,"column":60}},{"start":{"line":56,"column":8},"end":{"line":56,"column":13}}],"line":54}},"s":{"0":1,"1":1,"2":2,"3":2,"4":2,"5":2,"6":2,"7":1,"8":0,"9":0,"10":0,"11":2,"12":0,"13":0,"14":2,"15":0,"16":0,"17":0},"f":{"0":2,"1":1,"2":0,"3":0,"4":0,"5":0,"6":0},"b":{"0":[2,0]},"_coverageSchema":"1a1c01bbd47fc00a2c39e90264f33305004495a9","hash":"8b8faf1177e3c68b0455339e31aa891caa3d8356"}
,"/Users/parkerjn90/HackReactor/Sprints/FEC_Lighthouse/src/components/Ratings/ReviewTile.jsx": {"path":"/Users/parkerjn90/HackReactor/Sprints/FEC_Lighthouse/src/components/Ratings/ReviewTile.jsx","statementMap":{"0":{"start":{"line":9,"column":25},"end":{"line":15,"column":1}},"1":{"start":{"line":10,"column":14},"end":{"line":10,"column":16}},"2":{"start":{"line":11,"column":2},"end":{"line":13,"column":3}},"3":{"start":{"line":11,"column":15},"end":{"line":11,"column":16}},"4":{"start":{"line":12,"column":4},"end":{"line":12,"column":54}},"5":{"start":{"line":14,"column":2},"end":{"line":14,"column":17}},"6":{"start":{"line":17,"column":19},"end":{"line":89,"column":1}},"7":{"start":{"line":18,"column":42},"end":{"line":18,"column":53}},"8":{"start":{"line":19,"column":44},"end":{"line":19,"column":59}},"9":{"start":{"line":20,"column":34},"end":{"line":20,"column":49}},"10":{"start":{"line":23,"column":20},"end":{"line":23,"column":36}},"11":{"start":{"line":25,"column":2},"end":{"line":27,"column":9}},"12":{"start":{"line":26,"column":4},"end":{"line":26,"column":39}},"13":{"start":{"line":29,"column":21},"end":{"line":41,"column":3}},"14":{"start":{"line":30,"column":4},"end":{"line":30,"column":27}},"15":{"start":{"line":31,"column":4},"end":{"line":40,"column":5}},"16":{"start":{"line":32,"column":6},"end":{"line":39,"column":40}},"17":{"start":{"line":36,"column":10},"end":{"line":36,"column":44}},"18":{"start":{"line":37,"column":10},"end":{"line":37,"column":33}},"19":{"start":{"line":39,"column":22},"end":{"line":39,"column":38}},"20":{"start":{"line":43,"column":20},"end":{"line":52,"column":3}},"21":{"start":{"line":44,"column":4},"end":{"line":44,"column":27}},"22":{"start":{"line":45,"column":4},"end":{"line":51,"column":38}},"23":{"start":{"line":49,"column":8},"end":{"line":49,"column":26}},"24":{"start":{"line":51,"column":20},"end":{"line":51,"column":36}},"25":{"start":{"line":54,"column":2},"end":{"line":56,"column":3}},"26":{"start":{"line":55,"column":4},"end":{"line":55,"column":58}},"27":{"start":{"line":58,"column":2},"end":{"line":60,"column":3}},"28":{"start":{"line":59,"column":4},"end":{"line":59,"column":46}},"29":{"start":{"line":62,"column":2},"end":{"line":62,"column":79}},"30":{"start":{"line":64,"column":2},"end":{"line":88,"column":3}},"31":{"start":{"line":76,"column":10},"end":{"line":76,"column":39}}},"fnMap":{"0":{"name":"(anonymous_0)","decl":{"start":{"line":9,"column":25},"end":{"line":9,"column":26}},"loc":{"start":{"line":9,"column":37},"end":{"line":15,"column":1}},"line":9},"1":{"name":"(anonymous_1)","decl":{"start":{"line":17,"column":19},"end":{"line":17,"column":20}},"loc":{"start":{"line":17,"column":35},"end":{"line":89,"column":1}},"line":17},"2":{"name":"(anonymous_2)","decl":{"start":{"line":25,"column":12},"end":{"line":25,"column":13}},"loc":{"start":{"line":25,"column":18},"end":{"line":27,"column":3}},"line":25},"3":{"name":"(anonymous_3)","decl":{"start":{"line":29,"column":21},"end":{"line":29,"column":22}},"loc":{"start":{"line":29,"column":32},"end":{"line":41,"column":3}},"line":29},"4":{"name":"(anonymous_4)","decl":{"start":{"line":35,"column":14},"end":{"line":35,"column":15}},"loc":{"start":{"line":35,"column":20},"end":{"line":38,"column":9}},"line":35},"5":{"name":"(anonymous_5)","decl":{"start":{"line":39,"column":15},"end":{"line":39,"column":16}},"loc":{"start":{"line":39,"column":22},"end":{"line":39,"column":38}},"line":39},"6":{"name":"(anonymous_6)","decl":{"start":{"line":43,"column":20},"end":{"line":43,"column":21}},"loc":{"start":{"line":43,"column":31},"end":{"line":52,"column":3}},"line":43},"7":{"name":"(anonymous_7)","decl":{"start":{"line":48,"column":12},"end":{"line":48,"column":13}},"loc":{"start":{"line":48,"column":18},"end":{"line":50,"column":7}},"line":48},"8":{"name":"(anonymous_8)","decl":{"start":{"line":51,"column":13},"end":{"line":51,"column":14}},"loc":{"start":{"line":51,"column":20},"end":{"line":51,"column":36}},"line":51},"9":{"name":"(anonymous_9)","decl":{"start":{"line":75,"column":27},"end":{"line":75,"column":28}},"loc":{"start":{"line":75,"column":38},"end":{"line":77,"column":9}},"line":75}},"branchMap":{"0":{"loc":{"start":{"line":31,"column":4},"end":{"line":40,"column":5}},"type":"if","locations":[{"start":{"line":31,"column":4},"end":{"line":40,"column":5}},{"start":{},"end":{}}],"line":31},"1":{"loc":{"start":{"line":54,"column":2},"end":{"line":56,"column":3}},"type":"if","locations":[{"start":{"line":54,"column":2},"end":{"line":56,"column":3}},{"start":{},"end":{}}],"line":54},"2":{"loc":{"start":{"line":58,"column":2},"end":{"line":60,"column":3}},"type":"if","locations":[{"start":{"line":58,"column":2},"end":{"line":60,"column":3}},{"start":{},"end":{}}],"line":58},"3":{"loc":{"start":{"line":62,"column":2},"end":{"line":62,"column":78}},"type":"cond-expr","locations":[{"start":{"line":62,"column":16},"end":{"line":62,"column":54}},{"start":{"line":62,"column":57},"end":{"line":62,"column":78}}],"line":62},"4":{"loc":{"start":{"line":66,"column":8},"end":{"line":85,"column":11}},"type":"cond-expr","locations":[{"start":{"line":67,"column":6},"end":{"line":84,"column":9}},{"start":{"line":85,"column":6},"end":{"line":85,"column":11}}],"line":66}},"s":{"0":1,"1":12,"2":12,"3":12,"4":36,"5":12,"6":1,"7":2,"8":2,"9":2,"10":2,"11":2,"12":1,"13":2,"14":0,"15":0,"16":0,"17":0,"18":0,"19":0,"20":2,"21":0,"22":0,"23":0,"24":0,"25":2,"26":0,"27":2,"28":2,"29":2,"30":2,"31":2},"f":{"0":12,"1":2,"2":1,"3":0,"4":0,"5":0,"6":0,"7":0,"8":0,"9":2},"b":{"0":[0,0],"1":[0,2],"2":[2,0],"3":[0,2],"4":[2,0]},"_coverageSchema":"1a1c01bbd47fc00a2c39e90264f33305004495a9","hash":"538d0cd2d7e072e0b9059d7fe851296895a944ec"}
,"/Users/parkerjn90/HackReactor/Sprints/FEC_Lighthouse/src/components/Ratings/Styles.jsx": {"path":"/Users/parkerjn90/HackReactor/Sprints/FEC_Lighthouse/src/components/Ratings/Styles.jsx","statementMap":{"0":{"start":{"line":5,"column":18},"end":{"line":8,"column":1}},"1":{"start":{"line":12,"column":18},"end":{"line":16,"column":1}},"2":{"start":{"line":18,"column":18},"end":{"line":21,"column":1}},"3":{"start":{"line":23,"column":13},"end":{"line":27,"column":1}},"4":{"start":{"line":31,"column":27},"end":{"line":33,"column":1}},"5":{"start":{"line":35,"column":19},"end":{"line":37,"column":1}},"6":{"start":{"line":39,"column":21},"end":{"line":41,"column":1}},"7":{"start":{"line":43,"column":14},"end":{"line":45,"column":1}}},"fnMap":{},"branchMap":{},"s":{"0":1,"1":1,"2":1,"3":1,"4":1,"5":1,"6":1,"7":1},"f":{},"b":{},"_coverageSchema":"1a1c01bbd47fc00a2c39e90264f33305004495a9","hash":"f68d8b42a3579030b5c2dfb53283da0b025d8a9f"}
}
